[2026-01-07T10:40:17.077471] SEVERITY=EMERGENCY TYPE=thermal_runaway COMPONENT=battery DTC=P0100-BAT DESC=Battery thermal runaway detected: 3.12°C/s, temperature 55.0°C
[2026-01-07T10:40:17.079222] SEVERITY=EMERGENCY TYPE=thermal_runaway COMPONENT=motor DTC=P0100-MOT DESC=Motor thermal runaway detected: 6.12°C/s, temperature 85.0°C
[2026-01-07T10:40:17.081257] SEVERITY=EMERGENCY TYPE=thermal_runaway COMPONENT=battery DTC=P0100-BAT DESC=Battery thermal runaway detected: 3.00°C/s, temperature 70.0°C
[2026-01-07T10:40:17.082199] SEVERITY=CRITICAL TYPE=overheating COMPONENT=battery DTC=P0101-BAT DESC=Battery temperature critical: 70.0°C (max: 60.0°C)
[2026-01-07T10:40:17.086399] SEVERITY=CRITICAL TYPE=overvoltage COMPONENT=battery DTC=P0102-BAT DESC=Battery overvoltage: 550.0V (max: 500.0V)
[2026-01-07T10:40:17.088438] SEVERITY=WARNING TYPE=undervoltage COMPONENT=battery DTC=P0103-BAT DESC=Battery undervoltage: 250.0V (min: 300.0V)
[2026-01-07T10:40:17.090151] SEVERITY=CRITICAL TYPE=overcurrent COMPONENT=battery DTC=P0104-BAT DESC=Battery overcurrent: 600.0A (max: 500.0A)
[2026-01-07T10:40:17.093052] SEVERITY=EMERGENCY TYPE=thermal_runaway COMPONENT=battery DTC=P0100-BAT DESC=Battery thermal runaway detected: 3.00°C/s, temperature 70.0°C
[2026-01-07T10:40:17.093836] SEVERITY=CRITICAL TYPE=overheating COMPONENT=battery DTC=P0101-BAT DESC=Battery temperature critical: 70.0°C (max: 60.0°C)
[2026-01-07T10:40:17.095761] SEVERITY=CRITICAL TYPE=overvoltage COMPONENT=battery DTC=P0102-BAT DESC=Battery overvoltage: 550.0V (max: 500.0V)
[2026-01-07T10:40:17.096471] SEVERITY=CRITICAL TYPE=overcurrent COMPONENT=battery DTC=P0104-BAT DESC=Battery overcurrent: 600.0A (max: 500.0A)
[2026-01-07T10:40:17.099479] SEVERITY=CRITICAL TYPE=overvoltage COMPONENT=battery DTC=P0102-BAT DESC=Battery overvoltage: 550.0V (max: 500.0V)
[2026-01-07T10:40:17.102149] SEVERITY=CRITICAL TYPE=overvoltage COMPONENT=battery DTC=P0102-BAT DESC=Battery overvoltage: 550.0V (max: 500.0V)
[2026-01-07T10:40:17.116817] SEVERITY=CRITICAL TYPE=overvoltage COMPONENT=battery DTC=P0102-BAT DESC=Battery overvoltage: 550.0V (max: 500.0V)
[2026-01-07T10:40:17.117985] SEVERITY=CRITICAL TYPE=overvoltage COMPONENT=battery DTC=P0102-BAT DESC=Battery overvoltage: 550.0V (max: 500.0V)
[2026-01-07T10:40:17.329580] SEVERITY=EMERGENCY TYPE=thermal_runaway COMPONENT=battery DTC=P0100-BAT DESC=Battery thermal runaway detected: 3.12°C/s, temperature 55.0°C
[2026-01-07T10:40:17.332901] SEVERITY=EMERGENCY TYPE=thermal_runaway COMPONENT=motor DTC=P0100-MOT DESC=Motor thermal runaway detected: 6.12°C/s, temperature 85.0°C
[2026-01-07T10:40:17.342617] SEVERITY=CRITICAL TYPE=overvoltage COMPONENT=battery DTC=P0102-BAT DESC=Battery overvoltage: 550.0V (max: 500.0V)
[2026-01-07T10:40:17.362418] SEVERITY=WARNING TYPE=undervoltage COMPONENT=battery DTC=P0103-BAT DESC=Battery undervoltage: 250.0V (min: 300.0V)
[2026-01-07T10:40:17.365004] SEVERITY=CRITICAL TYPE=overvoltage COMPONENT=battery DTC=P0102-BAT DESC=Battery overvoltage: 550.0V (max: 500.0V)
[2026-01-07T10:40:22.553326] SEVERITY=CRITICAL TYPE=overvoltage COMPONENT=battery DTC=P0102-BAT DESC=Battery overvoltage: 550.0V (max: 500.0V)
[2026-01-07T10:40:22.565858] SEVERITY=CRITICAL TYPE=overvoltage COMPONENT=battery DTC=P0102-BAT DESC=Battery overvoltage: 550.0V (max: 500.0V)
[2026-01-07T10:40:22.574149] SEVERITY=WARNING TYPE=undervoltage COMPONENT=battery DTC=P0103-BAT DESC=Battery undervoltage: 250.0V (min: 300.0V)
[2026-01-07T10:40:22.575403] SEVERITY=CRITICAL TYPE=overvoltage COMPONENT=battery DTC=P0102-BAT DESC=Battery overvoltage: 550.0V (max: 500.0V)
[2026-01-07T10:41:30.856186] SEVERITY=CRITICAL TYPE=overvoltage COMPONENT=battery DTC=P0102-BAT DESC=Battery overvoltage: 550.0V (max: 500.0V)
[2026-01-07T10:41:30.859500] SEVERITY=CRITICAL TYPE=overvoltage COMPONENT=battery DTC=P0102-BAT DESC=Battery overvoltage: 550.0V (max: 500.0V)
[2026-01-07T10:41:30.863505] SEVERITY=WARNING TYPE=undervoltage COMPONENT=battery DTC=P0103-BAT DESC=Battery undervoltage: 250.0V (min: 300.0V)
[2026-01-07T10:41:30.864932] SEVERITY=CRITICAL TYPE=overvoltage COMPONENT=battery DTC=P0102-BAT DESC=Battery overvoltage: 550.0V (max: 500.0V)
[2026-01-07T10:41:38.074139] SEVERITY=EMERGENCY TYPE=thermal_runaway COMPONENT=battery DTC=P0100-BAT DESC=Battery thermal runaway detected: 3.12°C/s, temperature 55.0°C
[2026-01-07T10:41:38.077484] SEVERITY=EMERGENCY TYPE=thermal_runaway COMPONENT=motor DTC=P0100-MOT DESC=Motor thermal runaway detected: 6.12°C/s, temperature 85.0°C
[2026-01-07T10:41:38.080658] SEVERITY=EMERGENCY TYPE=thermal_runaway COMPONENT=battery DTC=P0100-BAT DESC=Battery thermal runaway detected: 3.00°C/s, temperature 70.0°C
[2026-01-07T10:41:38.082411] SEVERITY=CRITICAL TYPE=overheating COMPONENT=battery DTC=P0101-BAT DESC=Battery temperature critical: 70.0°C (max: 60.0°C)
[2026-01-07T10:41:38.086473] SEVERITY=CRITICAL TYPE=overvoltage COMPONENT=battery DTC=P0102-BAT DESC=Battery overvoltage: 550.0V (max: 500.0V)
[2026-01-07T10:41:38.090026] SEVERITY=WARNING TYPE=undervoltage COMPONENT=battery DTC=P0103-BAT DESC=Battery undervoltage: 250.0V (min: 300.0V)
[2026-01-07T10:41:38.092876] SEVERITY=CRITICAL TYPE=overcurrent COMPONENT=battery DTC=P0104-BAT DESC=Battery overcurrent: 600.0A (max: 500.0A)
[2026-01-07T10:41:38.096521] SEVERITY=EMERGENCY TYPE=thermal_runaway COMPONENT=battery DTC=P0100-BAT DESC=Battery thermal runaway detected: 3.00°C/s, temperature 70.0°C
[2026-01-07T10:41:38.098349] SEVERITY=CRITICAL TYPE=overheating COMPONENT=battery DTC=P0101-BAT DESC=Battery temperature critical: 70.0°C (max: 60.0°C)
[2026-01-07T10:41:38.101307] SEVERITY=CRITICAL TYPE=overvoltage COMPONENT=battery DTC=P0102-BAT DESC=Battery overvoltage: 550.0V (max: 500.0V)
[2026-01-07T10:41:38.103096] SEVERITY=CRITICAL TYPE=overcurrent COMPONENT=battery DTC=P0104-BAT DESC=Battery overcurrent: 600.0A (max: 500.0A)
[2026-01-07T10:41:38.106358] SEVERITY=CRITICAL TYPE=overvoltage COMPONENT=battery DTC=P0102-BAT DESC=Battery overvoltage: 550.0V (max: 500.0V)
[2026-01-07T10:41:38.109439] SEVERITY=CRITICAL TYPE=overvoltage COMPONENT=battery DTC=P0102-BAT DESC=Battery overvoltage: 550.0V (max: 500.0V)
[2026-01-07T10:41:38.112125] SEVERITY=CRITICAL TYPE=overvoltage COMPONENT=battery DTC=P0102-BAT DESC=Battery overvoltage: 550.0V (max: 500.0V)
[2026-01-07T10:41:38.113703] SEVERITY=CRITICAL TYPE=overvoltage COMPONENT=battery DTC=P0102-BAT DESC=Battery overvoltage: 550.0V (max: 500.0V)
[2026-01-07T10:41:38.326933] SEVERITY=EMERGENCY TYPE=thermal_runaway COMPONENT=battery DTC=P0100-BAT DESC=Battery thermal runaway detected: 3.12°C/s, temperature 55.0°C
[2026-01-07T10:41:38.334491] SEVERITY=EMERGENCY TYPE=thermal_runaway COMPONENT=motor DTC=P0100-MOT DESC=Motor thermal runaway detected: 6.12°C/s, temperature 85.0°C
[2026-01-07T10:41:38.342655] SEVERITY=CRITICAL TYPE=overvoltage COMPONENT=battery DTC=P0102-BAT DESC=Battery overvoltage: 550.0V (max: 500.0V)
[2026-01-07T10:41:38.346925] SEVERITY=WARNING TYPE=undervoltage COMPONENT=battery DTC=P0103-BAT DESC=Battery undervoltage: 250.0V (min: 300.0V)
[2026-01-07T10:41:38.349510] SEVERITY=CRITICAL TYPE=overvoltage COMPONENT=battery DTC=P0102-BAT DESC=Battery overvoltage: 550.0V (max: 500.0V)
[2026-01-07T10:41:39.789119] SEVERITY=EMERGENCY TYPE=thermal_runaway COMPONENT=battery DTC=P0100-BAT DESC=Battery thermal runaway detected: 3.75°C/s, temperature 55.0°C
[2026-01-07T10:41:39.793200] SEVERITY=EMERGENCY TYPE=thermal_runaway COMPONENT=battery DTC=P0100-BAT DESC=Battery thermal runaway detected: 4.43°C/s, temperature 65.0°C
[2026-01-07T10:41:39.795470] SEVERITY=CRITICAL TYPE=overheating COMPONENT=battery DTC=P0101-BAT DESC=Battery temperature critical: 65.0°C (max: 60.0°C)
[2026-01-07T10:41:39.799295] SEVERITY=EMERGENCY TYPE=thermal_runaway COMPONENT=battery DTC=P0100-BAT DESC=Battery thermal runaway detected: 3.00°C/s, temperature 70.0°C
[2026-01-07T10:41:39.801510] SEVERITY=CRITICAL TYPE=overheating COMPONENT=battery DTC=P0101-BAT DESC=Battery temperature critical: 70.0°C (max: 60.0°C)
[2026-01-07T10:41:39.806905] SEVERITY=CRITICAL TYPE=overvoltage COMPONENT=battery DTC=P0102-BAT DESC=Battery overvoltage: 550.0V (max: 500.0V)
[2026-01-07T10:41:39.810639] SEVERITY=WARNING TYPE=undervoltage COMPONENT=battery DTC=P0103-BAT DESC=Battery undervoltage: 250.0V (min: 300.0V)
[2026-01-07T10:41:39.815847] SEVERITY=CRITICAL TYPE=overcurrent COMPONENT=battery DTC=P0104-BAT DESC=Battery overcurrent: 600.0A (max: 500.0A)
[2026-01-07T10:41:39.827199] SEVERITY=EMERGENCY TYPE=thermal_runaway COMPONENT=battery DTC=P0100-BAT DESC=Battery thermal runaway detected: 3.00°C/s, temperature 70.0°C
[2026-01-07T10:41:39.829421] SEVERITY=CRITICAL TYPE=overheating COMPONENT=battery DTC=P0101-BAT DESC=Battery temperature critical: 70.0°C (max: 60.0°C)
[2026-01-07T10:41:39.834000] SEVERITY=CRITICAL TYPE=overheating COMPONENT=battery DTC=P0101-BAT DESC=Test fault
[2026-01-07T10:41:39.838807] SEVERITY=CRITICAL TYPE=overheating COMPONENT=battery DTC=P0101-BAT DESC=Active fault
[2026-01-07T10:41:39.841082] SEVERITY=WARNING TYPE=overvoltage COMPONENT=motor DTC=P0102-MOT DESC=Another fault
[2026-01-07T10:41:39.844931] SEVERITY=CRITICAL TYPE=overheating COMPONENT=battery DTC=P0101-BAT DESC=Critical fault
[2026-01-07T10:41:39.847254] SEVERITY=WARNING TYPE=overvoltage COMPONENT=motor DTC=P0102-MOT DESC=Warning fault
[2026-01-07T10:41:39.852206] SEVERITY=CRITICAL TYPE=overheating COMPONENT=battery DTC=P0101-BAT DESC=Fault 1
[2026-01-07T10:41:39.855014] SEVERITY=WARNING TYPE=overvoltage COMPONENT=motor DTC=P0102-MOT DESC=Fault 2
[2026-01-07T10:41:39.859118] SEVERITY=CRITICAL TYPE=overheating COMPONENT=battery DTC=P0101-BAT DESC=Battery fault
[2026-01-07T10:41:39.861573] SEVERITY=WARNING TYPE=overvoltage COMPONENT=motor DTC=P0102-MOT DESC=Motor fault
[2026-01-07T10:41:39.868603] SEVERITY=EMERGENCY TYPE=overheating COMPONENT=battery DTC=P0101-BAT DESC=Critical fault
[2026-01-07T10:41:39.874969] SEVERITY=CRITICAL TYPE=overheating COMPONENT=battery DTC=P0101-BAT DESC=Fault 1
[2026-01-07T10:41:39.877487] SEVERITY=EMERGENCY TYPE=overvoltage COMPONENT=motor DTC=P0102-MOT DESC=Fault 2
[2026-01-07T10:41:39.882074] SEVERITY=WARNING TYPE=overheating COMPONENT=battery DTC=P0101-BAT DESC=Fault 0
[2026-01-07T10:41:39.885140] SEVERITY=WARNING TYPE=overheating COMPONENT=battery DTC=P0101-BAT DESC=Fault 1
[2026-01-07T10:41:39.888021] SEVERITY=WARNING TYPE=overheating COMPONENT=battery DTC=P0101-BAT DESC=Fault 2
[2026-01-07T10:41:39.892976] SEVERITY=WARNING TYPE=overheating COMPONENT=battery DTC=P0101-BAT DESC=Fault 3
[2026-01-07T10:41:39.898173] SEVERITY=WARNING TYPE=overheating COMPONENT=battery DTC=P0101-BAT DESC=Fault 4
[2026-01-07T10:41:39.903173] SEVERITY=WARNING TYPE=overheating COMPONENT=battery DTC=P0101-BAT DESC=Fault 5
[2026-01-07T10:41:39.906013] SEVERITY=WARNING TYPE=overheating COMPONENT=battery DTC=P0101-BAT DESC=Fault 6
[2026-01-07T10:41:39.908617] SEVERITY=WARNING TYPE=overheating COMPONENT=battery DTC=P0101-BAT DESC=Fault 7
[2026-01-07T10:41:39.911107] SEVERITY=WARNING TYPE=overheating COMPONENT=battery DTC=P0101-BAT DESC=Fault 8
[2026-01-07T10:41:39.914216] SEVERITY=WARNING TYPE=overheating COMPONENT=battery DTC=P0101-BAT DESC=Fault 9
[2026-01-07T10:41:39.917515] SEVERITY=WARNING TYPE=overheating COMPONENT=battery DTC=P0101-BAT DESC=Fault 10
[2026-01-07T10:41:39.920561] SEVERITY=WARNING TYPE=overheating COMPONENT=battery DTC=P0101-BAT DESC=Fault 11
[2026-01-07T10:41:39.923400] SEVERITY=WARNING TYPE=overheating COMPONENT=battery DTC=P0101-BAT DESC=Fault 12
[2026-01-07T10:41:39.926297] SEVERITY=WARNING TYPE=overheating COMPONENT=battery DTC=P0101-BAT DESC=Fault 13
[2026-01-07T10:41:39.929120] SEVERITY=WARNING TYPE=overheating COMPONENT=battery DTC=P0101-BAT DESC=Fault 14
[2026-01-07T10:41:39.932241] SEVERITY=WARNING TYPE=overheating COMPONENT=battery DTC=P0101-BAT DESC=Fault 15
[2026-01-07T10:41:39.938176] SEVERITY=WARNING TYPE=overheating COMPONENT=battery DTC=P0101-BAT DESC=Fault 16
[2026-01-07T10:41:39.941299] SEVERITY=WARNING TYPE=overheating COMPONENT=battery DTC=P0101-BAT DESC=Fault 17
[2026-01-07T10:41:39.944730] SEVERITY=WARNING TYPE=overheating COMPONENT=battery DTC=P0101-BAT DESC=Fault 18
[2026-01-07T10:41:39.948247] SEVERITY=WARNING TYPE=overheating COMPONENT=battery DTC=P0101-BAT DESC=Fault 19
[2026-01-07T10:41:39.951933] SEVERITY=WARNING TYPE=overheating COMPONENT=battery DTC=P0101-BAT DESC=Fault 20
[2026-01-07T10:41:39.955244] SEVERITY=WARNING TYPE=overheating COMPONENT=battery DTC=P0101-BAT DESC=Fault 21
[2026-01-07T10:41:39.958164] SEVERITY=WARNING TYPE=overheating COMPONENT=battery DTC=P0101-BAT DESC=Fault 22
[2026-01-07T10:41:39.961179] SEVERITY=WARNING TYPE=overheating COMPONENT=battery DTC=P0101-BAT DESC=Fault 23
[2026-01-07T10:41:39.964224] SEVERITY=WARNING TYPE=overheating COMPONENT=battery DTC=P0101-BAT DESC=Fault 24
[2026-01-07T10:41:39.967871] SEVERITY=WARNING TYPE=overheating COMPONENT=battery DTC=P0101-BAT DESC=Fault 25
[2026-01-07T10:41:39.971364] SEVERITY=WARNING TYPE=overheating COMPONENT=battery DTC=P0101-BAT DESC=Fault 26
[2026-01-07T10:41:39.974400] SEVERITY=WARNING TYPE=overheating COMPONENT=battery DTC=P0101-BAT DESC=Fault 27
[2026-01-07T10:41:39.977512] SEVERITY=WARNING TYPE=overheating COMPONENT=battery DTC=P0101-BAT DESC=Fault 28
[2026-01-07T10:41:39.980819] SEVERITY=WARNING TYPE=overheating COMPONENT=battery DTC=P0101-BAT DESC=Fault 29
[2026-01-07T10:41:39.984702] SEVERITY=WARNING TYPE=overheating COMPONENT=battery DTC=P0101-BAT DESC=Fault 30
[2026-01-07T10:41:39.988104] SEVERITY=WARNING TYPE=overheating COMPONENT=battery DTC=P0101-BAT DESC=Fault 31
[2026-01-07T10:41:39.991423] SEVERITY=WARNING TYPE=overheating COMPONENT=battery DTC=P0101-BAT DESC=Fault 32
[2026-01-07T10:41:39.994782] SEVERITY=WARNING TYPE=overheating COMPONENT=battery DTC=P0101-BAT DESC=Fault 33
[2026-01-07T10:41:39.998735] SEVERITY=WARNING TYPE=overheating COMPONENT=battery DTC=P0101-BAT DESC=Fault 34
[2026-01-07T10:41:40.002272] SEVERITY=WARNING TYPE=overheating COMPONENT=battery DTC=P0101-BAT DESC=Fault 35
[2026-01-07T10:41:40.005866] SEVERITY=WARNING TYPE=overheating COMPONENT=battery DTC=P0101-BAT DESC=Fault 36
[2026-01-07T10:41:40.009361] SEVERITY=WARNING TYPE=overheating COMPONENT=battery DTC=P0101-BAT DESC=Fault 37
[2026-01-07T10:41:40.012834] SEVERITY=WARNING TYPE=overheating COMPONENT=battery DTC=P0101-BAT DESC=Fault 38
[2026-01-07T10:41:40.017817] SEVERITY=WARNING TYPE=overheating COMPONENT=battery DTC=P0101-BAT DESC=Fault 39
[2026-01-07T10:41:40.021564] SEVERITY=WARNING TYPE=overheating COMPONENT=battery DTC=P0101-BAT DESC=Fault 40
[2026-01-07T10:41:40.025226] SEVERITY=WARNING TYPE=overheating COMPONENT=battery DTC=P0101-BAT DESC=Fault 41
[2026-01-07T10:41:40.028866] SEVERITY=WARNING TYPE=overheating COMPONENT=battery DTC=P0101-BAT DESC=Fault 42
[2026-01-07T10:41:40.034105] SEVERITY=WARNING TYPE=overheating COMPONENT=battery DTC=P0101-BAT DESC=Fault 43
[2026-01-07T10:41:40.038263] SEVERITY=WARNING TYPE=overheating COMPONENT=battery DTC=P0101-BAT DESC=Fault 44
[2026-01-07T10:41:40.042313] SEVERITY=WARNING TYPE=overheating COMPONENT=battery DTC=P0101-BAT DESC=Fault 45
[2026-01-07T10:41:40.046019] SEVERITY=WARNING TYPE=overheating COMPONENT=battery DTC=P0101-BAT DESC=Fault 46
[2026-01-07T10:41:40.050733] SEVERITY=WARNING TYPE=overheating COMPONENT=battery DTC=P0101-BAT DESC=Fault 47
[2026-01-07T10:41:40.054746] SEVERITY=WARNING TYPE=overheating COMPONENT=battery DTC=P0101-BAT DESC=Fault 48
[2026-01-07T10:41:40.058525] SEVERITY=WARNING TYPE=overheating COMPONENT=battery DTC=P0101-BAT DESC=Fault 49
[2026-01-07T10:41:40.062099] SEVERITY=WARNING TYPE=overheating COMPONENT=battery DTC=P0101-BAT DESC=Fault 50
[2026-01-07T10:41:40.067108] SEVERITY=WARNING TYPE=overheating COMPONENT=battery DTC=P0101-BAT DESC=Fault 51
[2026-01-07T10:41:40.071753] SEVERITY=WARNING TYPE=overheating COMPONENT=battery DTC=P0101-BAT DESC=Fault 52
[2026-01-07T10:41:40.075915] SEVERITY=WARNING TYPE=overheating COMPONENT=battery DTC=P0101-BAT DESC=Fault 53
[2026-01-07T10:41:40.079787] SEVERITY=WARNING TYPE=overheating COMPONENT=battery DTC=P0101-BAT DESC=Fault 54
[2026-01-07T10:41:40.084774] SEVERITY=WARNING TYPE=overheating COMPONENT=battery DTC=P0101-BAT DESC=Fault 55
[2026-01-07T10:41:40.088951] SEVERITY=WARNING TYPE=overheating COMPONENT=battery DTC=P0101-BAT DESC=Fault 56
[2026-01-07T10:41:40.092876] SEVERITY=WARNING TYPE=overheating COMPONENT=battery DTC=P0101-BAT DESC=Fault 57
[2026-01-07T10:41:40.096725] SEVERITY=WARNING TYPE=overheating COMPONENT=battery DTC=P0101-BAT DESC=Fault 58
[2026-01-07T10:41:40.101229] SEVERITY=WARNING TYPE=overheating COMPONENT=battery DTC=P0101-BAT DESC=Fault 59
[2026-01-07T10:41:40.105409] SEVERITY=WARNING TYPE=overheating COMPONENT=battery DTC=P0101-BAT DESC=Fault 60
[2026-01-07T10:41:40.109502] SEVERITY=WARNING TYPE=overheating COMPONENT=battery DTC=P0101-BAT DESC=Fault 61
[2026-01-07T10:41:40.113521] SEVERITY=WARNING TYPE=overheating COMPONENT=battery DTC=P0101-BAT DESC=Fault 62
[2026-01-07T10:41:40.118450] SEVERITY=WARNING TYPE=overheating COMPONENT=battery DTC=P0101-BAT DESC=Fault 63
[2026-01-07T10:41:40.122884] SEVERITY=WARNING TYPE=overheating COMPONENT=battery DTC=P0101-BAT DESC=Fault 64
[2026-01-07T10:41:40.127159] SEVERITY=WARNING TYPE=overheating COMPONENT=battery DTC=P0101-BAT DESC=Fault 65
[2026-01-07T10:41:40.131996] SEVERITY=WARNING TYPE=overheating COMPONENT=battery DTC=P0101-BAT DESC=Fault 66
[2026-01-07T10:41:40.136964] SEVERITY=WARNING TYPE=overheating COMPONENT=battery DTC=P0101-BAT DESC=Fault 67
[2026-01-07T10:41:40.141458] SEVERITY=WARNING TYPE=overheating COMPONENT=battery DTC=P0101-BAT DESC=Fault 68
[2026-01-07T10:41:40.147515] SEVERITY=WARNING TYPE=overheating COMPONENT=battery DTC=P0101-BAT DESC=Fault 69
[2026-01-07T10:41:40.153686] SEVERITY=WARNING TYPE=overheating COMPONENT=battery DTC=P0101-BAT DESC=Fault 70
[2026-01-07T10:41:40.158489] SEVERITY=WARNING TYPE=overheating COMPONENT=battery DTC=P0101-BAT DESC=Fault 71
[2026-01-07T10:41:40.163020] SEVERITY=WARNING TYPE=overheating COMPONENT=battery DTC=P0101-BAT DESC=Fault 72
[2026-01-07T10:41:40.168050] SEVERITY=WARNING TYPE=overheating COMPONENT=battery DTC=P0101-BAT DESC=Fault 73
[2026-01-07T10:41:40.175871] SEVERITY=WARNING TYPE=overheating COMPONENT=battery DTC=P0101-BAT DESC=Fault 74
[2026-01-07T10:41:40.185947] SEVERITY=WARNING TYPE=overheating COMPONENT=battery DTC=P0101-BAT DESC=Fault 75
[2026-01-07T10:41:40.197039] SEVERITY=WARNING TYPE=overheating COMPONENT=battery DTC=P0101-BAT DESC=Fault 76
[2026-01-07T10:41:40.207380] SEVERITY=WARNING TYPE=overheating COMPONENT=battery DTC=P0101-BAT DESC=Fault 77
[2026-01-07T10:41:40.214182] SEVERITY=WARNING TYPE=overheating COMPONENT=battery DTC=P0101-BAT DESC=Fault 78
[2026-01-07T10:41:40.219798] SEVERITY=WARNING TYPE=overheating COMPONENT=battery DTC=P0101-BAT DESC=Fault 79
[2026-01-07T10:41:40.225466] SEVERITY=WARNING TYPE=overheating COMPONENT=battery DTC=P0101-BAT DESC=Fault 80
[2026-01-07T10:41:40.230288] SEVERITY=WARNING TYPE=overheating COMPONENT=battery DTC=P0101-BAT DESC=Fault 81
[2026-01-07T10:41:40.238978] SEVERITY=WARNING TYPE=overheating COMPONENT=battery DTC=P0101-BAT DESC=Fault 82
[2026-01-07T10:41:40.245740] SEVERITY=WARNING TYPE=overheating COMPONENT=battery DTC=P0101-BAT DESC=Fault 83
[2026-01-07T10:41:40.252643] SEVERITY=WARNING TYPE=overheating COMPONENT=battery DTC=P0101-BAT DESC=Fault 84
[2026-01-07T10:41:40.257781] SEVERITY=WARNING TYPE=overheating COMPONENT=battery DTC=P0101-BAT DESC=Fault 85
[2026-01-07T10:41:40.262736] SEVERITY=WARNING TYPE=overheating COMPONENT=battery DTC=P0101-BAT DESC=Fault 86
[2026-01-07T10:41:40.269483] SEVERITY=WARNING TYPE=overheating COMPONENT=battery DTC=P0101-BAT DESC=Fault 87
[2026-01-07T10:41:40.274527] SEVERITY=WARNING TYPE=overheating COMPONENT=battery DTC=P0101-BAT DESC=Fault 88
[2026-01-07T10:41:40.279353] SEVERITY=WARNING TYPE=overheating COMPONENT=battery DTC=P0101-BAT DESC=Fault 89
[2026-01-07T10:41:40.285066] SEVERITY=WARNING TYPE=overheating COMPONENT=battery DTC=P0101-BAT DESC=Fault 90
[2026-01-07T10:41:40.290247] SEVERITY=WARNING TYPE=overheating COMPONENT=battery DTC=P0101-BAT DESC=Fault 91
[2026-01-07T10:41:40.295569] SEVERITY=WARNING TYPE=overheating COMPONENT=battery DTC=P0101-BAT DESC=Fault 92
[2026-01-07T10:41:40.301836] SEVERITY=WARNING TYPE=overheating COMPONENT=battery DTC=P0101-BAT DESC=Fault 93
[2026-01-07T10:41:40.307368] SEVERITY=WARNING TYPE=overheating COMPONENT=battery DTC=P0101-BAT DESC=Fault 94
[2026-01-07T10:41:40.312638] SEVERITY=WARNING TYPE=overheating COMPONENT=battery DTC=P0101-BAT DESC=Fault 95
[2026-01-07T10:41:40.318228] SEVERITY=WARNING TYPE=overheating COMPONENT=battery DTC=P0101-BAT DESC=Fault 96
[2026-01-07T10:41:40.323575] SEVERITY=WARNING TYPE=overheating COMPONENT=battery DTC=P0101-BAT DESC=Fault 97
[2026-01-07T10:41:40.328797] SEVERITY=WARNING TYPE=overheating COMPONENT=battery DTC=P0101-BAT DESC=Fault 98
[2026-01-07T10:41:40.338279] SEVERITY=WARNING TYPE=overheating COMPONENT=battery DTC=P0101-BAT DESC=Fault 99
[2026-01-07T10:41:40.344566] SEVERITY=WARNING TYPE=overheating COMPONENT=battery DTC=P0101-BAT DESC=Fault 100
[2026-01-07T10:41:40.352723] SEVERITY=WARNING TYPE=overheating COMPONENT=battery DTC=P0101-BAT DESC=Fault 101
[2026-01-07T10:41:40.362729] SEVERITY=WARNING TYPE=overheating COMPONENT=battery DTC=P0101-BAT DESC=Fault 102
[2026-01-07T10:41:40.370883] SEVERITY=WARNING TYPE=overheating COMPONENT=battery DTC=P0101-BAT DESC=Fault 103
[2026-01-07T10:41:40.376888] SEVERITY=WARNING TYPE=overheating COMPONENT=battery DTC=P0101-BAT DESC=Fault 104
[2026-01-07T10:41:40.383390] SEVERITY=WARNING TYPE=overheating COMPONENT=battery DTC=P0101-BAT DESC=Fault 105
[2026-01-07T10:41:40.393356] SEVERITY=WARNING TYPE=overheating COMPONENT=battery DTC=P0101-BAT DESC=Fault 106
[2026-01-07T10:41:40.400942] SEVERITY=WARNING TYPE=overheating COMPONENT=battery DTC=P0101-BAT DESC=Fault 107
[2026-01-07T10:41:40.407653] SEVERITY=WARNING TYPE=overheating COMPONENT=battery DTC=P0101-BAT DESC=Fault 108
[2026-01-07T10:41:40.413471] SEVERITY=WARNING TYPE=overheating COMPONENT=battery DTC=P0101-BAT DESC=Fault 109
[2026-01-07T10:41:40.419900] SEVERITY=WARNING TYPE=overheating COMPONENT=battery DTC=P0101-BAT DESC=Fault 110
[2026-01-07T10:41:40.425717] SEVERITY=WARNING TYPE=overheating COMPONENT=battery DTC=P0101-BAT DESC=Fault 111
[2026-01-07T10:41:40.431785] SEVERITY=WARNING TYPE=overheating COMPONENT=battery DTC=P0101-BAT DESC=Fault 112
[2026-01-07T10:41:40.438024] SEVERITY=WARNING TYPE=overheating COMPONENT=battery DTC=P0101-BAT DESC=Fault 113
[2026-01-07T10:41:40.449322] SEVERITY=WARNING TYPE=overheating COMPONENT=battery DTC=P0101-BAT DESC=Fault 114
[2026-01-07T10:41:40.458646] SEVERITY=WARNING TYPE=overheating COMPONENT=battery DTC=P0101-BAT DESC=Fault 115
[2026-01-07T10:41:40.467239] SEVERITY=WARNING TYPE=overheating COMPONENT=battery DTC=P0101-BAT DESC=Fault 116
[2026-01-07T10:41:40.476076] SEVERITY=WARNING TYPE=overheating COMPONENT=battery DTC=P0101-BAT DESC=Fault 117
[2026-01-07T10:41:40.483118] SEVERITY=WARNING TYPE=overheating COMPONENT=battery DTC=P0101-BAT DESC=Fault 118
[2026-01-07T10:41:40.490906] SEVERITY=WARNING TYPE=overheating COMPONENT=battery DTC=P0101-BAT DESC=Fault 119
[2026-01-07T10:41:40.496842] SEVERITY=WARNING TYPE=overheating COMPONENT=battery DTC=P0101-BAT DESC=Fault 120
[2026-01-07T10:41:40.503894] SEVERITY=WARNING TYPE=overheating COMPONENT=battery DTC=P0101-BAT DESC=Fault 121
[2026-01-07T10:41:40.510750] SEVERITY=WARNING TYPE=overheating COMPONENT=battery DTC=P0101-BAT DESC=Fault 122
[2026-01-07T10:41:40.518455] SEVERITY=WARNING TYPE=overheating COMPONENT=battery DTC=P0101-BAT DESC=Fault 123
[2026-01-07T10:41:40.524628] SEVERITY=WARNING TYPE=overheating COMPONENT=battery DTC=P0101-BAT DESC=Fault 124
[2026-01-07T10:41:40.530662] SEVERITY=WARNING TYPE=overheating COMPONENT=battery DTC=P0101-BAT DESC=Fault 125
[2026-01-07T10:41:40.537480] SEVERITY=WARNING TYPE=overheating COMPONENT=battery DTC=P0101-BAT DESC=Fault 126
[2026-01-07T10:41:40.543434] SEVERITY=WARNING TYPE=overheating COMPONENT=battery DTC=P0101-BAT DESC=Fault 127
[2026-01-07T10:41:40.550570] SEVERITY=WARNING TYPE=overheating COMPONENT=battery DTC=P0101-BAT DESC=Fault 128
[2026-01-07T10:41:40.557376] SEVERITY=WARNING TYPE=overheating COMPONENT=battery DTC=P0101-BAT DESC=Fault 129
[2026-01-07T10:41:40.563537] SEVERITY=WARNING TYPE=overheating COMPONENT=battery DTC=P0101-BAT DESC=Fault 130
[2026-01-07T10:41:40.570255] SEVERITY=WARNING TYPE=overheating COMPONENT=battery DTC=P0101-BAT DESC=Fault 131
[2026-01-07T10:41:40.576865] SEVERITY=WARNING TYPE=overheating COMPONENT=battery DTC=P0101-BAT DESC=Fault 132
[2026-01-07T10:41:40.585146] SEVERITY=WARNING TYPE=overheating COMPONENT=battery DTC=P0101-BAT DESC=Fault 133
[2026-01-07T10:41:40.593865] SEVERITY=WARNING TYPE=overheating COMPONENT=battery DTC=P0101-BAT DESC=Fault 134
[2026-01-07T10:41:40.602699] SEVERITY=WARNING TYPE=overheating COMPONENT=battery DTC=P0101-BAT DESC=Fault 135
[2026-01-07T10:41:40.610294] SEVERITY=WARNING TYPE=overheating COMPONENT=battery DTC=P0101-BAT DESC=Fault 136
[2026-01-07T10:41:40.618002] SEVERITY=WARNING TYPE=overheating COMPONENT=battery DTC=P0101-BAT DESC=Fault 137
[2026-01-07T10:41:40.624949] SEVERITY=WARNING TYPE=overheating COMPONENT=battery DTC=P0101-BAT DESC=Fault 138
[2026-01-07T10:41:40.632011] SEVERITY=WARNING TYPE=overheating COMPONENT=battery DTC=P0101-BAT DESC=Fault 139
[2026-01-07T10:41:40.639401] SEVERITY=WARNING TYPE=overheating COMPONENT=battery DTC=P0101-BAT DESC=Fault 140
[2026-01-07T10:41:40.645936] SEVERITY=WARNING TYPE=overheating COMPONENT=battery DTC=P0101-BAT DESC=Fault 141
[2026-01-07T10:41:40.653115] SEVERITY=WARNING TYPE=overheating COMPONENT=battery DTC=P0101-BAT DESC=Fault 142
[2026-01-07T10:41:40.659807] SEVERITY=WARNING TYPE=overheating COMPONENT=battery DTC=P0101-BAT DESC=Fault 143
[2026-01-07T10:41:40.667783] SEVERITY=WARNING TYPE=overheating COMPONENT=battery DTC=P0101-BAT DESC=Fault 144
[2026-01-07T10:41:40.675002] SEVERITY=WARNING TYPE=overheating COMPONENT=battery DTC=P0101-BAT DESC=Fault 145
[2026-01-07T10:41:40.682299] SEVERITY=WARNING TYPE=overheating COMPONENT=battery DTC=P0101-BAT DESC=Fault 146
[2026-01-07T10:41:40.689911] SEVERITY=WARNING TYPE=overheating COMPONENT=battery DTC=P0101-BAT DESC=Fault 147
[2026-01-07T10:41:40.696706] SEVERITY=WARNING TYPE=overheating COMPONENT=battery DTC=P0101-BAT DESC=Fault 148
[2026-01-07T10:41:40.703963] SEVERITY=WARNING TYPE=overheating COMPONENT=battery DTC=P0101-BAT DESC=Fault 149
[2026-01-07T10:41:48.232690] SEVERITY=EMERGENCY TYPE=thermal_runaway COMPONENT=battery DTC=P0100-BAT DESC=Battery thermal runaway detected: 3.12°C/s, temperature 55.0°C
[2026-01-07T10:41:48.248647] SEVERITY=EMERGENCY TYPE=thermal_runaway COMPONENT=motor DTC=P0100-MOT DESC=Motor thermal runaway detected: 6.12°C/s, temperature 85.0°C
[2026-01-07T10:41:48.257938] SEVERITY=EMERGENCY TYPE=thermal_runaway COMPONENT=battery DTC=P0100-BAT DESC=Battery thermal runaway detected: 3.00°C/s, temperature 70.0°C
[2026-01-07T10:41:48.265153] SEVERITY=CRITICAL TYPE=overheating COMPONENT=battery DTC=P0101-BAT DESC=Battery temperature critical: 70.0°C (max: 60.0°C)
[2026-01-07T10:41:48.275048] SEVERITY=CRITICAL TYPE=overvoltage COMPONENT=battery DTC=P0102-BAT DESC=Battery overvoltage: 550.0V (max: 500.0V)
[2026-01-07T10:41:48.283525] SEVERITY=WARNING TYPE=undervoltage COMPONENT=battery DTC=P0103-BAT DESC=Battery undervoltage: 250.0V (min: 300.0V)
[2026-01-07T10:41:48.292381] SEVERITY=CRITICAL TYPE=overcurrent COMPONENT=battery DTC=P0104-BAT DESC=Battery overcurrent: 600.0A (max: 500.0A)
[2026-01-07T10:41:48.303146] SEVERITY=EMERGENCY TYPE=thermal_runaway COMPONENT=battery DTC=P0100-BAT DESC=Battery thermal runaway detected: 3.00°C/s, temperature 70.0°C
[2026-01-07T10:41:48.310546] SEVERITY=CRITICAL TYPE=overheating COMPONENT=battery DTC=P0101-BAT DESC=Battery temperature critical: 70.0°C (max: 60.0°C)
[2026-01-07T10:41:48.320899] SEVERITY=CRITICAL TYPE=overvoltage COMPONENT=battery DTC=P0102-BAT DESC=Battery overvoltage: 550.0V (max: 500.0V)
[2026-01-07T10:41:48.328462] SEVERITY=CRITICAL TYPE=overcurrent COMPONENT=battery DTC=P0104-BAT DESC=Battery overcurrent: 600.0A (max: 500.0A)
[2026-01-07T10:41:48.338354] SEVERITY=CRITICAL TYPE=overvoltage COMPONENT=battery DTC=P0102-BAT DESC=Battery overvoltage: 550.0V (max: 500.0V)
[2026-01-07T10:41:48.346743] SEVERITY=CRITICAL TYPE=overvoltage COMPONENT=battery DTC=P0102-BAT DESC=Battery overvoltage: 550.0V (max: 500.0V)
[2026-01-07T10:41:48.356037] SEVERITY=CRITICAL TYPE=overvoltage COMPONENT=battery DTC=P0102-BAT DESC=Battery overvoltage: 550.0V (max: 500.0V)
[2026-01-07T10:41:48.363144] SEVERITY=CRITICAL TYPE=overvoltage COMPONENT=battery DTC=P0102-BAT DESC=Battery overvoltage: 550.0V (max: 500.0V)
[2026-01-07T10:41:48.579167] SEVERITY=EMERGENCY TYPE=thermal_runaway COMPONENT=battery DTC=P0100-BAT DESC=Battery thermal runaway detected: 3.12°C/s, temperature 55.0°C
[2026-01-07T10:41:48.597464] SEVERITY=EMERGENCY TYPE=thermal_runaway COMPONENT=motor DTC=P0100-MOT DESC=Motor thermal runaway detected: 6.12°C/s, temperature 85.0°C
[2026-01-07T10:41:48.610737] SEVERITY=CRITICAL TYPE=overvoltage COMPONENT=battery DTC=P0102-BAT DESC=Battery overvoltage: 550.0V (max: 500.0V)
[2026-01-07T10:41:48.621203] SEVERITY=WARNING TYPE=undervoltage COMPONENT=battery DTC=P0103-BAT DESC=Battery undervoltage: 250.0V (min: 300.0V)
[2026-01-07T10:41:48.629317] SEVERITY=CRITICAL TYPE=overvoltage COMPONENT=battery DTC=P0102-BAT DESC=Battery overvoltage: 550.0V (max: 500.0V)
[2026-01-07T10:45:43.184676] SEVERITY=EMERGENCY TYPE=thermal_runaway COMPONENT=battery DTC=P0100-BAT DESC=Battery thermal runaway detected: 3.12°C/s, temperature 55.0°C
[2026-01-07T10:45:43.195769] SEVERITY=EMERGENCY TYPE=thermal_runaway COMPONENT=motor DTC=P0100-MOT DESC=Motor thermal runaway detected: 6.12°C/s, temperature 85.0°C
[2026-01-07T10:45:43.209673] SEVERITY=EMERGENCY TYPE=thermal_runaway COMPONENT=battery DTC=P0100-BAT DESC=Battery thermal runaway detected: 3.00°C/s, temperature 70.0°C
[2026-01-07T10:45:43.217430] SEVERITY=CRITICAL TYPE=overheating COMPONENT=battery DTC=P0101-BAT DESC=Battery temperature critical: 70.0°C (max: 60.0°C)
[2026-01-07T10:45:43.228125] SEVERITY=CRITICAL TYPE=overvoltage COMPONENT=battery DTC=P0102-BAT DESC=Battery overvoltage: 550.0V (max: 500.0V)
[2026-01-07T10:45:43.242508] SEVERITY=WARNING TYPE=undervoltage COMPONENT=battery DTC=P0103-BAT DESC=Battery undervoltage: 250.0V (min: 300.0V)
[2026-01-07T10:45:43.253240] SEVERITY=CRITICAL TYPE=overcurrent COMPONENT=battery DTC=P0104-BAT DESC=Battery overcurrent: 600.0A (max: 500.0A)
[2026-01-07T10:45:43.263464] SEVERITY=EMERGENCY TYPE=thermal_runaway COMPONENT=battery DTC=P0100-BAT DESC=Battery thermal runaway detected: 3.00°C/s, temperature 70.0°C
[2026-01-07T10:45:43.271595] SEVERITY=CRITICAL TYPE=overheating COMPONENT=battery DTC=P0101-BAT DESC=Battery temperature critical: 70.0°C (max: 60.0°C)
[2026-01-07T10:45:43.280649] SEVERITY=CRITICAL TYPE=overvoltage COMPONENT=battery DTC=P0102-BAT DESC=Battery overvoltage: 550.0V (max: 500.0V)
[2026-01-07T10:45:43.289059] SEVERITY=CRITICAL TYPE=overcurrent COMPONENT=battery DTC=P0104-BAT DESC=Battery overcurrent: 600.0A (max: 500.0A)
[2026-01-07T10:45:43.298527] SEVERITY=CRITICAL TYPE=overvoltage COMPONENT=battery DTC=P0102-BAT DESC=Battery overvoltage: 550.0V (max: 500.0V)
[2026-01-07T10:45:43.308819] SEVERITY=CRITICAL TYPE=overvoltage COMPONENT=battery DTC=P0102-BAT DESC=Battery overvoltage: 550.0V (max: 500.0V)
[2026-01-07T10:45:43.318745] SEVERITY=CRITICAL TYPE=overvoltage COMPONENT=battery DTC=P0102-BAT DESC=Battery overvoltage: 550.0V (max: 500.0V)
[2026-01-07T10:45:43.326981] SEVERITY=CRITICAL TYPE=overvoltage COMPONENT=battery DTC=P0102-BAT DESC=Battery overvoltage: 550.0V (max: 500.0V)
[2026-01-07T10:45:43.554493] SEVERITY=EMERGENCY TYPE=thermal_runaway COMPONENT=battery DTC=P0100-BAT DESC=Battery thermal runaway detected: 3.12°C/s, temperature 55.0°C
[2026-01-07T10:45:43.575386] SEVERITY=EMERGENCY TYPE=thermal_runaway COMPONENT=motor DTC=P0100-MOT DESC=Motor thermal runaway detected: 6.12°C/s, temperature 85.0°C
[2026-01-07T10:45:43.587070] SEVERITY=CRITICAL TYPE=overvoltage COMPONENT=battery DTC=P0102-BAT DESC=Battery overvoltage: 550.0V (max: 500.0V)
[2026-01-07T10:45:43.597426] SEVERITY=WARNING TYPE=undervoltage COMPONENT=battery DTC=P0103-BAT DESC=Battery undervoltage: 250.0V (min: 300.0V)
[2026-01-07T10:45:43.606422] SEVERITY=CRITICAL TYPE=overvoltage COMPONENT=battery DTC=P0102-BAT DESC=Battery overvoltage: 550.0V (max: 500.0V)
[2026-01-07T10:45:44.990455] SEVERITY=EMERGENCY TYPE=thermal_runaway COMPONENT=battery DTC=P0100-BAT DESC=Battery thermal runaway detected: 3.75°C/s, temperature 55.0°C
[2026-01-07T10:45:45.001538] SEVERITY=EMERGENCY TYPE=thermal_runaway COMPONENT=battery DTC=P0100-BAT DESC=Battery thermal runaway detected: 4.43°C/s, temperature 65.0°C
[2026-01-07T10:45:45.032983] SEVERITY=CRITICAL TYPE=overheating COMPONENT=battery DTC=P0101-BAT DESC=Battery temperature critical: 65.0°C (max: 60.0°C)
[2026-01-07T10:45:45.043576] SEVERITY=EMERGENCY TYPE=thermal_runaway COMPONENT=battery DTC=P0100-BAT DESC=Battery thermal runaway detected: 3.00°C/s, temperature 70.0°C
[2026-01-07T10:45:45.052682] SEVERITY=CRITICAL TYPE=overheating COMPONENT=battery DTC=P0101-BAT DESC=Battery temperature critical: 70.0°C (max: 60.0°C)
[2026-01-07T10:45:45.064860] SEVERITY=CRITICAL TYPE=overvoltage COMPONENT=battery DTC=P0102-BAT DESC=Battery overvoltage: 550.0V (max: 500.0V)
[2026-01-07T10:45:45.076233] SEVERITY=WARNING TYPE=undervoltage COMPONENT=battery DTC=P0103-BAT DESC=Battery undervoltage: 250.0V (min: 300.0V)
[2026-01-07T10:45:45.087124] SEVERITY=CRITICAL TYPE=overcurrent COMPONENT=battery DTC=P0104-BAT DESC=Battery overcurrent: 600.0A (max: 500.0A)
[2026-01-07T10:45:45.104179] SEVERITY=EMERGENCY TYPE=thermal_runaway COMPONENT=battery DTC=P0100-BAT DESC=Battery thermal runaway detected: 3.00°C/s, temperature 70.0°C
[2026-01-07T10:45:45.112886] SEVERITY=CRITICAL TYPE=overheating COMPONENT=battery DTC=P0101-BAT DESC=Battery temperature critical: 70.0°C (max: 60.0°C)
[2026-01-07T10:45:45.123266] SEVERITY=CRITICAL TYPE=overheating COMPONENT=battery DTC=P0101-BAT DESC=Test fault
[2026-01-07T10:45:45.135217] SEVERITY=CRITICAL TYPE=overheating COMPONENT=battery DTC=P0101-BAT DESC=Active fault
[2026-01-07T10:45:45.145262] SEVERITY=WARNING TYPE=overvoltage COMPONENT=motor DTC=P0102-MOT DESC=Another fault
[2026-01-07T10:45:45.155822] SEVERITY=CRITICAL TYPE=overheating COMPONENT=battery DTC=P0101-BAT DESC=Critical fault
[2026-01-07T10:45:45.164338] SEVERITY=WARNING TYPE=overvoltage COMPONENT=motor DTC=P0102-MOT DESC=Warning fault
[2026-01-07T10:45:45.174962] SEVERITY=CRITICAL TYPE=overheating COMPONENT=battery DTC=P0101-BAT DESC=Fault 1
[2026-01-07T10:45:45.183937] SEVERITY=WARNING TYPE=overvoltage COMPONENT=motor DTC=P0102-MOT DESC=Fault 2
[2026-01-07T10:45:45.194192] SEVERITY=CRITICAL TYPE=overheating COMPONENT=battery DTC=P0101-BAT DESC=Battery fault
[2026-01-07T10:45:45.203497] SEVERITY=WARNING TYPE=overvoltage COMPONENT=motor DTC=P0102-MOT DESC=Motor fault
[2026-01-07T10:45:45.215768] SEVERITY=EMERGENCY TYPE=overheating COMPONENT=battery DTC=P0101-BAT DESC=Critical fault
[2026-01-07T10:45:45.228276] SEVERITY=CRITICAL TYPE=overheating COMPONENT=battery DTC=P0101-BAT DESC=Fault 1
[2026-01-07T10:45:45.237576] SEVERITY=EMERGENCY TYPE=overvoltage COMPONENT=motor DTC=P0102-MOT DESC=Fault 2
[2026-01-07T10:45:45.248057] SEVERITY=WARNING TYPE=overheating COMPONENT=battery DTC=P0101-BAT DESC=Fault 0
[2026-01-07T10:45:45.257221] SEVERITY=WARNING TYPE=overheating COMPONENT=battery DTC=P0101-BAT DESC=Fault 1
[2026-01-07T10:45:45.266090] SEVERITY=WARNING TYPE=overheating COMPONENT=battery DTC=P0101-BAT DESC=Fault 2
[2026-01-07T10:45:45.275195] SEVERITY=WARNING TYPE=overheating COMPONENT=battery DTC=P0101-BAT DESC=Fault 3
[2026-01-07T10:45:45.284253] SEVERITY=WARNING TYPE=overheating COMPONENT=battery DTC=P0101-BAT DESC=Fault 4
[2026-01-07T10:45:45.293490] SEVERITY=WARNING TYPE=overheating COMPONENT=battery DTC=P0101-BAT DESC=Fault 5
[2026-01-07T10:45:45.303008] SEVERITY=WARNING TYPE=overheating COMPONENT=battery DTC=P0101-BAT DESC=Fault 6
[2026-01-07T10:45:45.312095] SEVERITY=WARNING TYPE=overheating COMPONENT=battery DTC=P0101-BAT DESC=Fault 7
[2026-01-07T10:45:45.321658] SEVERITY=WARNING TYPE=overheating COMPONENT=battery DTC=P0101-BAT DESC=Fault 8
[2026-01-07T10:45:45.330298] SEVERITY=WARNING TYPE=overheating COMPONENT=battery DTC=P0101-BAT DESC=Fault 9
[2026-01-07T10:45:45.339961] SEVERITY=WARNING TYPE=overheating COMPONENT=battery DTC=P0101-BAT DESC=Fault 10
[2026-01-07T10:45:45.350003] SEVERITY=WARNING TYPE=overheating COMPONENT=battery DTC=P0101-BAT DESC=Fault 11
[2026-01-07T10:45:45.359545] SEVERITY=WARNING TYPE=overheating COMPONENT=battery DTC=P0101-BAT DESC=Fault 12
[2026-01-07T10:45:45.369036] SEVERITY=WARNING TYPE=overheating COMPONENT=battery DTC=P0101-BAT DESC=Fault 13
[2026-01-07T10:45:45.378018] SEVERITY=WARNING TYPE=overheating COMPONENT=battery DTC=P0101-BAT DESC=Fault 14
[2026-01-07T10:45:45.387993] SEVERITY=WARNING TYPE=overheating COMPONENT=battery DTC=P0101-BAT DESC=Fault 15
[2026-01-07T10:45:45.397431] SEVERITY=WARNING TYPE=overheating COMPONENT=battery DTC=P0101-BAT DESC=Fault 16
[2026-01-07T10:45:45.407285] SEVERITY=WARNING TYPE=overheating COMPONENT=battery DTC=P0101-BAT DESC=Fault 17
[2026-01-07T10:45:45.416888] SEVERITY=WARNING TYPE=overheating COMPONENT=battery DTC=P0101-BAT DESC=Fault 18
[2026-01-07T10:45:45.426519] SEVERITY=WARNING TYPE=overheating COMPONENT=battery DTC=P0101-BAT DESC=Fault 19
[2026-01-07T10:45:45.436485] SEVERITY=WARNING TYPE=overheating COMPONENT=battery DTC=P0101-BAT DESC=Fault 20
[2026-01-07T10:45:45.446016] SEVERITY=WARNING TYPE=overheating COMPONENT=battery DTC=P0101-BAT DESC=Fault 21
[2026-01-07T10:45:45.455899] SEVERITY=WARNING TYPE=overheating COMPONENT=battery DTC=P0101-BAT DESC=Fault 22
[2026-01-07T10:45:45.465617] SEVERITY=WARNING TYPE=overheating COMPONENT=battery DTC=P0101-BAT DESC=Fault 23
[2026-01-07T10:45:45.475672] SEVERITY=WARNING TYPE=overheating COMPONENT=battery DTC=P0101-BAT DESC=Fault 24
[2026-01-07T10:45:45.485556] SEVERITY=WARNING TYPE=overheating COMPONENT=battery DTC=P0101-BAT DESC=Fault 25
[2026-01-07T10:45:45.495289] SEVERITY=WARNING TYPE=overheating COMPONENT=battery DTC=P0101-BAT DESC=Fault 26
[2026-01-07T10:45:45.505006] SEVERITY=WARNING TYPE=overheating COMPONENT=battery DTC=P0101-BAT DESC=Fault 27
[2026-01-07T10:45:45.514498] SEVERITY=WARNING TYPE=overheating COMPONENT=battery DTC=P0101-BAT DESC=Fault 28
[2026-01-07T10:45:45.524121] SEVERITY=WARNING TYPE=overheating COMPONENT=battery DTC=P0101-BAT DESC=Fault 29
[2026-01-07T10:45:45.533850] SEVERITY=WARNING TYPE=overheating COMPONENT=battery DTC=P0101-BAT DESC=Fault 30
[2026-01-07T10:45:45.543484] SEVERITY=WARNING TYPE=overheating COMPONENT=battery DTC=P0101-BAT DESC=Fault 31
[2026-01-07T10:45:45.553605] SEVERITY=WARNING TYPE=overheating COMPONENT=battery DTC=P0101-BAT DESC=Fault 32
[2026-01-07T10:45:45.563281] SEVERITY=WARNING TYPE=overheating COMPONENT=battery DTC=P0101-BAT DESC=Fault 33
[2026-01-07T10:45:45.573183] SEVERITY=WARNING TYPE=overheating COMPONENT=battery DTC=P0101-BAT DESC=Fault 34
[2026-01-07T10:45:45.583582] SEVERITY=WARNING TYPE=overheating COMPONENT=battery DTC=P0101-BAT DESC=Fault 35
[2026-01-07T10:45:45.594250] SEVERITY=WARNING TYPE=overheating COMPONENT=battery DTC=P0101-BAT DESC=Fault 36
[2026-01-07T10:45:45.610576] SEVERITY=WARNING TYPE=overheating COMPONENT=battery DTC=P0101-BAT DESC=Fault 37
[2026-01-07T10:45:45.624678] SEVERITY=WARNING TYPE=overheating COMPONENT=battery DTC=P0101-BAT DESC=Fault 38
[2026-01-07T10:45:45.635380] SEVERITY=WARNING TYPE=overheating COMPONENT=battery DTC=P0101-BAT DESC=Fault 39
[2026-01-07T10:45:45.652515] SEVERITY=WARNING TYPE=overheating COMPONENT=battery DTC=P0101-BAT DESC=Fault 40
[2026-01-07T10:45:45.677753] SEVERITY=WARNING TYPE=overheating COMPONENT=battery DTC=P0101-BAT DESC=Fault 41
[2026-01-07T10:45:45.696800] SEVERITY=WARNING TYPE=overheating COMPONENT=battery DTC=P0101-BAT DESC=Fault 42
[2026-01-07T10:45:45.714438] SEVERITY=WARNING TYPE=overheating COMPONENT=battery DTC=P0101-BAT DESC=Fault 43
[2026-01-07T10:45:45.725625] SEVERITY=WARNING TYPE=overheating COMPONENT=battery DTC=P0101-BAT DESC=Fault 44
[2026-01-07T10:45:45.736644] SEVERITY=WARNING TYPE=overheating COMPONENT=battery DTC=P0101-BAT DESC=Fault 45
[2026-01-07T10:45:45.747139] SEVERITY=WARNING TYPE=overheating COMPONENT=battery DTC=P0101-BAT DESC=Fault 46
[2026-01-07T10:45:45.758069] SEVERITY=WARNING TYPE=overheating COMPONENT=battery DTC=P0101-BAT DESC=Fault 47
[2026-01-07T10:45:45.769137] SEVERITY=WARNING TYPE=overheating COMPONENT=battery DTC=P0101-BAT DESC=Fault 48
[2026-01-07T10:45:45.779860] SEVERITY=WARNING TYPE=overheating COMPONENT=battery DTC=P0101-BAT DESC=Fault 49
[2026-01-07T10:45:45.790722] SEVERITY=WARNING TYPE=overheating COMPONENT=battery DTC=P0101-BAT DESC=Fault 50
[2026-01-07T10:45:45.801605] SEVERITY=WARNING TYPE=overheating COMPONENT=battery DTC=P0101-BAT DESC=Fault 51
[2026-01-07T10:45:45.812439] SEVERITY=WARNING TYPE=overheating COMPONENT=battery DTC=P0101-BAT DESC=Fault 52
[2026-01-07T10:45:45.823261] SEVERITY=WARNING TYPE=overheating COMPONENT=battery DTC=P0101-BAT DESC=Fault 53
[2026-01-07T10:45:45.833893] SEVERITY=WARNING TYPE=overheating COMPONENT=battery DTC=P0101-BAT DESC=Fault 54
[2026-01-07T10:45:45.844702] SEVERITY=WARNING TYPE=overheating COMPONENT=battery DTC=P0101-BAT DESC=Fault 55
[2026-01-07T10:45:45.855671] SEVERITY=WARNING TYPE=overheating COMPONENT=battery DTC=P0101-BAT DESC=Fault 56
[2026-01-07T10:45:45.866570] SEVERITY=WARNING TYPE=overheating COMPONENT=battery DTC=P0101-BAT DESC=Fault 57
[2026-01-07T10:45:45.877504] SEVERITY=WARNING TYPE=overheating COMPONENT=battery DTC=P0101-BAT DESC=Fault 58
[2026-01-07T10:45:45.888543] SEVERITY=WARNING TYPE=overheating COMPONENT=battery DTC=P0101-BAT DESC=Fault 59
[2026-01-07T10:45:45.900244] SEVERITY=WARNING TYPE=overheating COMPONENT=battery DTC=P0101-BAT DESC=Fault 60
[2026-01-07T10:45:45.913610] SEVERITY=WARNING TYPE=overheating COMPONENT=battery DTC=P0101-BAT DESC=Fault 61
[2026-01-07T10:45:45.924915] SEVERITY=WARNING TYPE=overheating COMPONENT=battery DTC=P0101-BAT DESC=Fault 62
[2026-01-07T10:45:45.935853] SEVERITY=WARNING TYPE=overheating COMPONENT=battery DTC=P0101-BAT DESC=Fault 63
[2026-01-07T10:45:45.946636] SEVERITY=WARNING TYPE=overheating COMPONENT=battery DTC=P0101-BAT DESC=Fault 64
[2026-01-07T10:45:45.958013] SEVERITY=WARNING TYPE=overheating COMPONENT=battery DTC=P0101-BAT DESC=Fault 65
[2026-01-07T10:45:45.969217] SEVERITY=WARNING TYPE=overheating COMPONENT=battery DTC=P0101-BAT DESC=Fault 66
[2026-01-07T10:45:45.980661] SEVERITY=WARNING TYPE=overheating COMPONENT=battery DTC=P0101-BAT DESC=Fault 67
[2026-01-07T10:45:45.991976] SEVERITY=WARNING TYPE=overheating COMPONENT=battery DTC=P0101-BAT DESC=Fault 68
[2026-01-07T10:45:46.003156] SEVERITY=WARNING TYPE=overheating COMPONENT=battery DTC=P0101-BAT DESC=Fault 69
[2026-01-07T10:45:46.014068] SEVERITY=WARNING TYPE=overheating COMPONENT=battery DTC=P0101-BAT DESC=Fault 70
[2026-01-07T10:45:46.025384] SEVERITY=WARNING TYPE=overheating COMPONENT=battery DTC=P0101-BAT DESC=Fault 71
[2026-01-07T10:45:46.036971] SEVERITY=WARNING TYPE=overheating COMPONENT=battery DTC=P0101-BAT DESC=Fault 72
[2026-01-07T10:45:46.048698] SEVERITY=WARNING TYPE=overheating COMPONENT=battery DTC=P0101-BAT DESC=Fault 73
[2026-01-07T10:45:46.060443] SEVERITY=WARNING TYPE=overheating COMPONENT=battery DTC=P0101-BAT DESC=Fault 74
[2026-01-07T10:45:46.072409] SEVERITY=WARNING TYPE=overheating COMPONENT=battery DTC=P0101-BAT DESC=Fault 75
[2026-01-07T10:45:46.083877] SEVERITY=WARNING TYPE=overheating COMPONENT=battery DTC=P0101-BAT DESC=Fault 76
[2026-01-07T10:45:46.095642] SEVERITY=WARNING TYPE=overheating COMPONENT=battery DTC=P0101-BAT DESC=Fault 77
[2026-01-07T10:45:46.107750] SEVERITY=WARNING TYPE=overheating COMPONENT=battery DTC=P0101-BAT DESC=Fault 78
[2026-01-07T10:45:46.119310] SEVERITY=WARNING TYPE=overheating COMPONENT=battery DTC=P0101-BAT DESC=Fault 79
[2026-01-07T10:45:46.131495] SEVERITY=WARNING TYPE=overheating COMPONENT=battery DTC=P0101-BAT DESC=Fault 80
[2026-01-07T10:45:46.143479] SEVERITY=WARNING TYPE=overheating COMPONENT=battery DTC=P0101-BAT DESC=Fault 81
[2026-01-07T10:45:46.155304] SEVERITY=WARNING TYPE=overheating COMPONENT=battery DTC=P0101-BAT DESC=Fault 82
[2026-01-07T10:45:46.167327] SEVERITY=WARNING TYPE=overheating COMPONENT=battery DTC=P0101-BAT DESC=Fault 83
[2026-01-07T10:45:46.179318] SEVERITY=WARNING TYPE=overheating COMPONENT=battery DTC=P0101-BAT DESC=Fault 84
[2026-01-07T10:45:46.217723] SEVERITY=WARNING TYPE=overheating COMPONENT=battery DTC=P0101-BAT DESC=Fault 85
[2026-01-07T10:45:46.229787] SEVERITY=WARNING TYPE=overheating COMPONENT=battery DTC=P0101-BAT DESC=Fault 86
[2026-01-07T10:45:46.241763] SEVERITY=WARNING TYPE=overheating COMPONENT=battery DTC=P0101-BAT DESC=Fault 87
[2026-01-07T10:45:46.253807] SEVERITY=WARNING TYPE=overheating COMPONENT=battery DTC=P0101-BAT DESC=Fault 88
[2026-01-07T10:45:46.265979] SEVERITY=WARNING TYPE=overheating COMPONENT=battery DTC=P0101-BAT DESC=Fault 89
[2026-01-07T10:45:46.278100] SEVERITY=WARNING TYPE=overheating COMPONENT=battery DTC=P0101-BAT DESC=Fault 90
[2026-01-07T10:45:46.289956] SEVERITY=WARNING TYPE=overheating COMPONENT=battery DTC=P0101-BAT DESC=Fault 91
[2026-01-07T10:45:46.302312] SEVERITY=WARNING TYPE=overheating COMPONENT=battery DTC=P0101-BAT DESC=Fault 92
[2026-01-07T10:45:46.315251] SEVERITY=WARNING TYPE=overheating COMPONENT=battery DTC=P0101-BAT DESC=Fault 93
[2026-01-07T10:45:46.328266] SEVERITY=WARNING TYPE=overheating COMPONENT=battery DTC=P0101-BAT DESC=Fault 94
[2026-01-07T10:45:46.340589] SEVERITY=WARNING TYPE=overheating COMPONENT=battery DTC=P0101-BAT DESC=Fault 95
[2026-01-07T10:45:46.353629] SEVERITY=WARNING TYPE=overheating COMPONENT=battery DTC=P0101-BAT DESC=Fault 96
[2026-01-07T10:45:46.376191] SEVERITY=WARNING TYPE=overheating COMPONENT=battery DTC=P0101-BAT DESC=Fault 97
[2026-01-07T10:45:46.398936] SEVERITY=WARNING TYPE=overheating COMPONENT=battery DTC=P0101-BAT DESC=Fault 98
[2026-01-07T10:45:46.418998] SEVERITY=WARNING TYPE=overheating COMPONENT=battery DTC=P0101-BAT DESC=Fault 99
[2026-01-07T10:45:46.439945] SEVERITY=WARNING TYPE=overheating COMPONENT=battery DTC=P0101-BAT DESC=Fault 100
[2026-01-07T10:45:46.459565] SEVERITY=WARNING TYPE=overheating COMPONENT=battery DTC=P0101-BAT DESC=Fault 101
[2026-01-07T10:45:46.475761] SEVERITY=WARNING TYPE=overheating COMPONENT=battery DTC=P0101-BAT DESC=Fault 102
[2026-01-07T10:45:46.502871] SEVERITY=WARNING TYPE=overheating COMPONENT=battery DTC=P0101-BAT DESC=Fault 103
[2026-01-07T10:45:46.521972] SEVERITY=WARNING TYPE=overheating COMPONENT=battery DTC=P0101-BAT DESC=Fault 104
[2026-01-07T10:45:46.544951] SEVERITY=WARNING TYPE=overheating COMPONENT=battery DTC=P0101-BAT DESC=Fault 105
[2026-01-07T10:45:46.570637] SEVERITY=WARNING TYPE=overheating COMPONENT=battery DTC=P0101-BAT DESC=Fault 106
[2026-01-07T10:45:46.605413] SEVERITY=WARNING TYPE=overheating COMPONENT=battery DTC=P0101-BAT DESC=Fault 107
[2026-01-07T10:45:46.622925] SEVERITY=WARNING TYPE=overheating COMPONENT=battery DTC=P0101-BAT DESC=Fault 108
[2026-01-07T10:45:46.636124] SEVERITY=WARNING TYPE=overheating COMPONENT=battery DTC=P0101-BAT DESC=Fault 109
[2026-01-07T10:45:46.649921] SEVERITY=WARNING TYPE=overheating COMPONENT=battery DTC=P0101-BAT DESC=Fault 110
[2026-01-07T10:45:46.664328] SEVERITY=WARNING TYPE=overheating COMPONENT=battery DTC=P0101-BAT DESC=Fault 111
[2026-01-07T10:45:46.677627] SEVERITY=WARNING TYPE=overheating COMPONENT=battery DTC=P0101-BAT DESC=Fault 112
[2026-01-07T10:45:46.690562] SEVERITY=WARNING TYPE=overheating COMPONENT=battery DTC=P0101-BAT DESC=Fault 113
[2026-01-07T10:45:46.703819] SEVERITY=WARNING TYPE=overheating COMPONENT=battery DTC=P0101-BAT DESC=Fault 114
[2026-01-07T10:45:46.716988] SEVERITY=WARNING TYPE=overheating COMPONENT=battery DTC=P0101-BAT DESC=Fault 115
[2026-01-07T10:45:46.729560] SEVERITY=WARNING TYPE=overheating COMPONENT=battery DTC=P0101-BAT DESC=Fault 116
[2026-01-07T10:45:46.742308] SEVERITY=WARNING TYPE=overheating COMPONENT=battery DTC=P0101-BAT DESC=Fault 117
[2026-01-07T10:45:46.754870] SEVERITY=WARNING TYPE=overheating COMPONENT=battery DTC=P0101-BAT DESC=Fault 118
[2026-01-07T10:45:46.769729] SEVERITY=WARNING TYPE=overheating COMPONENT=battery DTC=P0101-BAT DESC=Fault 119
[2026-01-07T10:45:46.783749] SEVERITY=WARNING TYPE=overheating COMPONENT=battery DTC=P0101-BAT DESC=Fault 120
[2026-01-07T10:45:46.796911] SEVERITY=WARNING TYPE=overheating COMPONENT=battery DTC=P0101-BAT DESC=Fault 121
[2026-01-07T10:45:46.810203] SEVERITY=WARNING TYPE=overheating COMPONENT=battery DTC=P0101-BAT DESC=Fault 122
[2026-01-07T10:45:46.823276] SEVERITY=WARNING TYPE=overheating COMPONENT=battery DTC=P0101-BAT DESC=Fault 123
[2026-01-07T10:45:46.836195] SEVERITY=WARNING TYPE=overheating COMPONENT=battery DTC=P0101-BAT DESC=Fault 124
[2026-01-07T10:45:46.849525] SEVERITY=WARNING TYPE=overheating COMPONENT=battery DTC=P0101-BAT DESC=Fault 125
[2026-01-07T10:45:46.862807] SEVERITY=WARNING TYPE=overheating COMPONENT=battery DTC=P0101-BAT DESC=Fault 126
[2026-01-07T10:45:46.876402] SEVERITY=WARNING TYPE=overheating COMPONENT=battery DTC=P0101-BAT DESC=Fault 127
[2026-01-07T10:45:46.889523] SEVERITY=WARNING TYPE=overheating COMPONENT=battery DTC=P0101-BAT DESC=Fault 128
[2026-01-07T10:45:46.902991] SEVERITY=WARNING TYPE=overheating COMPONENT=battery DTC=P0101-BAT DESC=Fault 129
[2026-01-07T10:45:46.916278] SEVERITY=WARNING TYPE=overheating COMPONENT=battery DTC=P0101-BAT DESC=Fault 130
[2026-01-07T10:45:46.929488] SEVERITY=WARNING TYPE=overheating COMPONENT=battery DTC=P0101-BAT DESC=Fault 131
[2026-01-07T10:45:46.942766] SEVERITY=WARNING TYPE=overheating COMPONENT=battery DTC=P0101-BAT DESC=Fault 132
[2026-01-07T10:45:46.955748] SEVERITY=WARNING TYPE=overheating COMPONENT=battery DTC=P0101-BAT DESC=Fault 133
[2026-01-07T10:45:46.968751] SEVERITY=WARNING TYPE=overheating COMPONENT=battery DTC=P0101-BAT DESC=Fault 134
[2026-01-07T10:45:46.982494] SEVERITY=WARNING TYPE=overheating COMPONENT=battery DTC=P0101-BAT DESC=Fault 135
[2026-01-07T10:45:46.997264] SEVERITY=WARNING TYPE=overheating COMPONENT=battery DTC=P0101-BAT DESC=Fault 136
[2026-01-07T10:45:47.014585] SEVERITY=WARNING TYPE=overheating COMPONENT=battery DTC=P0101-BAT DESC=Fault 137
[2026-01-07T10:45:47.028609] SEVERITY=WARNING TYPE=overheating COMPONENT=battery DTC=P0101-BAT DESC=Fault 138
[2026-01-07T10:45:47.042062] SEVERITY=WARNING TYPE=overheating COMPONENT=battery DTC=P0101-BAT DESC=Fault 139
[2026-01-07T10:45:47.057311] SEVERITY=WARNING TYPE=overheating COMPONENT=battery DTC=P0101-BAT DESC=Fault 140
[2026-01-07T10:45:47.075222] SEVERITY=WARNING TYPE=overheating COMPONENT=battery DTC=P0101-BAT DESC=Fault 141
[2026-01-07T10:45:47.088757] SEVERITY=WARNING TYPE=overheating COMPONENT=battery DTC=P0101-BAT DESC=Fault 142
[2026-01-07T10:45:47.102224] SEVERITY=WARNING TYPE=overheating COMPONENT=battery DTC=P0101-BAT DESC=Fault 143
[2026-01-07T10:45:47.116539] SEVERITY=WARNING TYPE=overheating COMPONENT=battery DTC=P0101-BAT DESC=Fault 144
[2026-01-07T10:45:47.130150] SEVERITY=WARNING TYPE=overheating COMPONENT=battery DTC=P0101-BAT DESC=Fault 145
[2026-01-07T10:45:47.144439] SEVERITY=WARNING TYPE=overheating COMPONENT=battery DTC=P0101-BAT DESC=Fault 146
[2026-01-07T10:45:47.158194] SEVERITY=WARNING TYPE=overheating COMPONENT=battery DTC=P0101-BAT DESC=Fault 147
[2026-01-07T10:45:47.172145] SEVERITY=WARNING TYPE=overheating COMPONENT=battery DTC=P0101-BAT DESC=Fault 148
[2026-01-07T10:45:47.187440] SEVERITY=WARNING TYPE=overheating COMPONENT=battery DTC=P0101-BAT DESC=Fault 149
[2026-01-07T10:45:56.758848] SEVERITY=EMERGENCY TYPE=thermal_runaway COMPONENT=battery DTC=P0100-BAT DESC=Battery thermal runaway detected: 3.12°C/s, temperature 55.0°C
[2026-01-07T10:45:56.773973] SEVERITY=EMERGENCY TYPE=thermal_runaway COMPONENT=motor DTC=P0100-MOT DESC=Motor thermal runaway detected: 6.12°C/s, temperature 85.0°C
[2026-01-07T10:45:56.794993] SEVERITY=EMERGENCY TYPE=thermal_runaway COMPONENT=battery DTC=P0100-BAT DESC=Battery thermal runaway detected: 3.00°C/s, temperature 70.0°C
[2026-01-07T10:45:56.809068] SEVERITY=CRITICAL TYPE=overheating COMPONENT=battery DTC=P0101-BAT DESC=Battery temperature critical: 70.0°C (max: 60.0°C)
[2026-01-07T10:45:56.823689] SEVERITY=CRITICAL TYPE=overvoltage COMPONENT=battery DTC=P0102-BAT DESC=Battery overvoltage: 550.0V (max: 500.0V)
[2026-01-07T10:45:56.839134] SEVERITY=WARNING TYPE=undervoltage COMPONENT=battery DTC=P0103-BAT DESC=Battery undervoltage: 250.0V (min: 300.0V)
[2026-01-07T10:45:56.855364] SEVERITY=CRITICAL TYPE=overcurrent COMPONENT=battery DTC=P0104-BAT DESC=Battery overcurrent: 600.0A (max: 500.0A)
[2026-01-07T10:45:56.873850] SEVERITY=EMERGENCY TYPE=thermal_runaway COMPONENT=battery DTC=P0100-BAT DESC=Battery thermal runaway detected: 3.00°C/s, temperature 70.0°C
[2026-01-07T10:45:56.888591] SEVERITY=CRITICAL TYPE=overheating COMPONENT=battery DTC=P0101-BAT DESC=Battery temperature critical: 70.0°C (max: 60.0°C)
[2026-01-07T10:45:56.906118] SEVERITY=CRITICAL TYPE=overvoltage COMPONENT=battery DTC=P0102-BAT DESC=Battery overvoltage: 550.0V (max: 500.0V)
[2026-01-07T10:45:56.921081] SEVERITY=CRITICAL TYPE=overcurrent COMPONENT=battery DTC=P0104-BAT DESC=Battery overcurrent: 600.0A (max: 500.0A)
[2026-01-07T10:45:56.940087] SEVERITY=CRITICAL TYPE=overvoltage COMPONENT=battery DTC=P0102-BAT DESC=Battery overvoltage: 550.0V (max: 500.0V)
[2026-01-07T10:45:56.957822] SEVERITY=CRITICAL TYPE=overvoltage COMPONENT=battery DTC=P0102-BAT DESC=Battery overvoltage: 550.0V (max: 500.0V)
[2026-01-07T10:45:56.975716] SEVERITY=CRITICAL TYPE=overvoltage COMPONENT=battery DTC=P0102-BAT DESC=Battery overvoltage: 550.0V (max: 500.0V)
[2026-01-07T10:45:56.990735] SEVERITY=CRITICAL TYPE=overvoltage COMPONENT=battery DTC=P0102-BAT DESC=Battery overvoltage: 550.0V (max: 500.0V)
[2026-01-07T10:45:57.216363] SEVERITY=EMERGENCY TYPE=thermal_runaway COMPONENT=battery DTC=P0100-BAT DESC=Battery thermal runaway detected: 3.12°C/s, temperature 55.0°C
[2026-01-07T10:45:57.243283] SEVERITY=EMERGENCY TYPE=thermal_runaway COMPONENT=motor DTC=P0100-MOT DESC=Motor thermal runaway detected: 6.12°C/s, temperature 85.0°C
[2026-01-07T10:45:57.258954] SEVERITY=CRITICAL TYPE=overvoltage COMPONENT=battery DTC=P0102-BAT DESC=Battery overvoltage: 550.0V (max: 500.0V)
[2026-01-07T10:45:57.274639] SEVERITY=WARNING TYPE=undervoltage COMPONENT=battery DTC=P0103-BAT DESC=Battery undervoltage: 250.0V (min: 300.0V)
[2026-01-07T10:45:57.289042] SEVERITY=CRITICAL TYPE=overvoltage COMPONENT=battery DTC=P0102-BAT DESC=Battery overvoltage: 550.0V (max: 500.0V)
[2026-01-07T10:45:58.700767] SEVERITY=EMERGENCY TYPE=thermal_runaway COMPONENT=battery DTC=P0100-BAT DESC=Battery thermal runaway detected: 3.75°C/s, temperature 55.0°C
[2026-01-07T10:45:58.721814] SEVERITY=EMERGENCY TYPE=thermal_runaway COMPONENT=battery DTC=P0100-BAT DESC=Battery thermal runaway detected: 4.43°C/s, temperature 65.0°C
[2026-01-07T10:45:58.736907] SEVERITY=CRITICAL TYPE=overheating COMPONENT=battery DTC=P0101-BAT DESC=Battery temperature critical: 65.0°C (max: 60.0°C)
[2026-01-07T10:45:58.754743] SEVERITY=EMERGENCY TYPE=thermal_runaway COMPONENT=battery DTC=P0100-BAT DESC=Battery thermal runaway detected: 3.00°C/s, temperature 70.0°C
[2026-01-07T10:45:58.770743] SEVERITY=CRITICAL TYPE=overheating COMPONENT=battery DTC=P0101-BAT DESC=Battery temperature critical: 70.0°C (max: 60.0°C)
[2026-01-07T10:45:58.789910] SEVERITY=CRITICAL TYPE=overvoltage COMPONENT=battery DTC=P0102-BAT DESC=Battery overvoltage: 550.0V (max: 500.0V)
[2026-01-07T10:45:58.806172] SEVERITY=WARNING TYPE=undervoltage COMPONENT=battery DTC=P0103-BAT DESC=Battery undervoltage: 250.0V (min: 300.0V)
[2026-01-07T10:45:58.822655] SEVERITY=CRITICAL TYPE=overcurrent COMPONENT=battery DTC=P0104-BAT DESC=Battery overcurrent: 600.0A (max: 500.0A)
[2026-01-07T10:45:58.844771] SEVERITY=EMERGENCY TYPE=thermal_runaway COMPONENT=battery DTC=P0100-BAT DESC=Battery thermal runaway detected: 3.00°C/s, temperature 70.0°C
[2026-01-07T10:45:58.860198] SEVERITY=CRITICAL TYPE=overheating COMPONENT=battery DTC=P0101-BAT DESC=Battery temperature critical: 70.0°C (max: 60.0°C)
[2026-01-07T10:45:58.879118] SEVERITY=CRITICAL TYPE=overheating COMPONENT=battery DTC=P0101-BAT DESC=Test fault
[2026-01-07T10:45:58.895935] SEVERITY=CRITICAL TYPE=overheating COMPONENT=battery DTC=P0101-BAT DESC=Active fault
[2026-01-07T10:45:58.910567] SEVERITY=WARNING TYPE=overvoltage COMPONENT=motor DTC=P0102-MOT DESC=Another fault
[2026-01-07T10:45:58.927612] SEVERITY=CRITICAL TYPE=overheating COMPONENT=battery DTC=P0101-BAT DESC=Critical fault
[2026-01-07T10:45:58.942205] SEVERITY=WARNING TYPE=overvoltage COMPONENT=motor DTC=P0102-MOT DESC=Warning fault
[2026-01-07T10:45:58.959126] SEVERITY=CRITICAL TYPE=overheating COMPONENT=battery DTC=P0101-BAT DESC=Fault 1
[2026-01-07T10:45:58.975054] SEVERITY=WARNING TYPE=overvoltage COMPONENT=motor DTC=P0102-MOT DESC=Fault 2
[2026-01-07T10:45:58.993003] SEVERITY=CRITICAL TYPE=overheating COMPONENT=battery DTC=P0101-BAT DESC=Battery fault
[2026-01-07T10:45:59.009367] SEVERITY=WARNING TYPE=overvoltage COMPONENT=motor DTC=P0102-MOT DESC=Motor fault
[2026-01-07T10:45:59.029301] SEVERITY=EMERGENCY TYPE=overheating COMPONENT=battery DTC=P0101-BAT DESC=Critical fault
[2026-01-07T10:45:59.048971] SEVERITY=CRITICAL TYPE=overheating COMPONENT=battery DTC=P0101-BAT DESC=Fault 1
[2026-01-07T10:45:59.066885] SEVERITY=EMERGENCY TYPE=overvoltage COMPONENT=motor DTC=P0102-MOT DESC=Fault 2
[2026-01-07T10:45:59.089337] SEVERITY=WARNING TYPE=overheating COMPONENT=battery DTC=P0101-BAT DESC=Fault 0
[2026-01-07T10:45:59.104627] SEVERITY=WARNING TYPE=overheating COMPONENT=battery DTC=P0101-BAT DESC=Fault 1
[2026-01-07T10:45:59.119663] SEVERITY=WARNING TYPE=overheating COMPONENT=battery DTC=P0101-BAT DESC=Fault 2
[2026-01-07T10:45:59.136180] SEVERITY=WARNING TYPE=overheating COMPONENT=battery DTC=P0101-BAT DESC=Fault 3
[2026-01-07T10:45:59.152853] SEVERITY=WARNING TYPE=overheating COMPONENT=battery DTC=P0101-BAT DESC=Fault 4
[2026-01-07T10:45:59.169581] SEVERITY=WARNING TYPE=overheating COMPONENT=battery DTC=P0101-BAT DESC=Fault 5
[2026-01-07T10:45:59.186561] SEVERITY=WARNING TYPE=overheating COMPONENT=battery DTC=P0101-BAT DESC=Fault 6
[2026-01-07T10:45:59.202811] SEVERITY=WARNING TYPE=overheating COMPONENT=battery DTC=P0101-BAT DESC=Fault 7
[2026-01-07T10:45:59.219862] SEVERITY=WARNING TYPE=overheating COMPONENT=battery DTC=P0101-BAT DESC=Fault 8
[2026-01-07T10:45:59.236563] SEVERITY=WARNING TYPE=overheating COMPONENT=battery DTC=P0101-BAT DESC=Fault 9
[2026-01-07T10:45:59.260248] SEVERITY=WARNING TYPE=overheating COMPONENT=battery DTC=P0101-BAT DESC=Fault 10
[2026-01-07T10:45:59.278641] SEVERITY=WARNING TYPE=overheating COMPONENT=battery DTC=P0101-BAT DESC=Fault 11
[2026-01-07T10:45:59.294170] SEVERITY=WARNING TYPE=overheating COMPONENT=battery DTC=P0101-BAT DESC=Fault 12
[2026-01-07T10:45:59.309591] SEVERITY=WARNING TYPE=overheating COMPONENT=battery DTC=P0101-BAT DESC=Fault 13
[2026-01-07T10:45:59.325108] SEVERITY=WARNING TYPE=overheating COMPONENT=battery DTC=P0101-BAT DESC=Fault 14
[2026-01-07T10:45:59.340164] SEVERITY=WARNING TYPE=overheating COMPONENT=battery DTC=P0101-BAT DESC=Fault 15
[2026-01-07T10:45:59.375430] SEVERITY=WARNING TYPE=overheating COMPONENT=battery DTC=P0101-BAT DESC=Fault 16
[2026-01-07T10:45:59.391646] SEVERITY=WARNING TYPE=overheating COMPONENT=battery DTC=P0101-BAT DESC=Fault 17
[2026-01-07T10:45:59.407440] SEVERITY=WARNING TYPE=overheating COMPONENT=battery DTC=P0101-BAT DESC=Fault 18
[2026-01-07T10:45:59.423349] SEVERITY=WARNING TYPE=overheating COMPONENT=battery DTC=P0101-BAT DESC=Fault 19
[2026-01-07T10:45:59.439127] SEVERITY=WARNING TYPE=overheating COMPONENT=battery DTC=P0101-BAT DESC=Fault 20
[2026-01-07T10:45:59.454323] SEVERITY=WARNING TYPE=overheating COMPONENT=battery DTC=P0101-BAT DESC=Fault 21
[2026-01-07T10:45:59.469876] SEVERITY=WARNING TYPE=overheating COMPONENT=battery DTC=P0101-BAT DESC=Fault 22
[2026-01-07T10:45:59.486706] SEVERITY=WARNING TYPE=overheating COMPONENT=battery DTC=P0101-BAT DESC=Fault 23
[2026-01-07T10:45:59.503233] SEVERITY=WARNING TYPE=overheating COMPONENT=battery DTC=P0101-BAT DESC=Fault 24
[2026-01-07T10:45:59.520253] SEVERITY=WARNING TYPE=overheating COMPONENT=battery DTC=P0101-BAT DESC=Fault 25
[2026-01-07T10:45:59.542973] SEVERITY=WARNING TYPE=overheating COMPONENT=battery DTC=P0101-BAT DESC=Fault 26
[2026-01-07T10:45:59.561990] SEVERITY=WARNING TYPE=overheating COMPONENT=battery DTC=P0101-BAT DESC=Fault 27
[2026-01-07T10:45:59.578960] SEVERITY=WARNING TYPE=overheating COMPONENT=battery DTC=P0101-BAT DESC=Fault 28
[2026-01-07T10:45:59.595595] SEVERITY=WARNING TYPE=overheating COMPONENT=battery DTC=P0101-BAT DESC=Fault 29
[2026-01-07T10:45:59.611801] SEVERITY=WARNING TYPE=overheating COMPONENT=battery DTC=P0101-BAT DESC=Fault 30
[2026-01-07T10:45:59.630619] SEVERITY=WARNING TYPE=overheating COMPONENT=battery DTC=P0101-BAT DESC=Fault 31
[2026-01-07T10:45:59.647838] SEVERITY=WARNING TYPE=overheating COMPONENT=battery DTC=P0101-BAT DESC=Fault 32
[2026-01-07T10:45:59.677706] SEVERITY=WARNING TYPE=overheating COMPONENT=battery DTC=P0101-BAT DESC=Fault 33
[2026-01-07T10:45:59.707005] SEVERITY=WARNING TYPE=overheating COMPONENT=battery DTC=P0101-BAT DESC=Fault 34
[2026-01-07T10:45:59.723571] SEVERITY=WARNING TYPE=overheating COMPONENT=battery DTC=P0101-BAT DESC=Fault 35
[2026-01-07T10:45:59.743317] SEVERITY=WARNING TYPE=overheating COMPONENT=battery DTC=P0101-BAT DESC=Fault 36
[2026-01-07T10:45:59.760087] SEVERITY=WARNING TYPE=overheating COMPONENT=battery DTC=P0101-BAT DESC=Fault 37
[2026-01-07T10:45:59.777034] SEVERITY=WARNING TYPE=overheating COMPONENT=battery DTC=P0101-BAT DESC=Fault 38
[2026-01-07T10:45:59.792995] SEVERITY=WARNING TYPE=overheating COMPONENT=battery DTC=P0101-BAT DESC=Fault 39
[2026-01-07T10:45:59.809144] SEVERITY=WARNING TYPE=overheating COMPONENT=battery DTC=P0101-BAT DESC=Fault 40
[2026-01-07T10:45:59.825311] SEVERITY=WARNING TYPE=overheating COMPONENT=battery DTC=P0101-BAT DESC=Fault 41
[2026-01-07T10:45:59.841153] SEVERITY=WARNING TYPE=overheating COMPONENT=battery DTC=P0101-BAT DESC=Fault 42
[2026-01-07T10:45:59.857099] SEVERITY=WARNING TYPE=overheating COMPONENT=battery DTC=P0101-BAT DESC=Fault 43
[2026-01-07T10:45:59.873402] SEVERITY=WARNING TYPE=overheating COMPONENT=battery DTC=P0101-BAT DESC=Fault 44
[2026-01-07T10:45:59.889987] SEVERITY=WARNING TYPE=overheating COMPONENT=battery DTC=P0101-BAT DESC=Fault 45
[2026-01-07T10:45:59.906579] SEVERITY=WARNING TYPE=overheating COMPONENT=battery DTC=P0101-BAT DESC=Fault 46
[2026-01-07T10:45:59.923235] SEVERITY=WARNING TYPE=overheating COMPONENT=battery DTC=P0101-BAT DESC=Fault 47
[2026-01-07T10:45:59.939739] SEVERITY=WARNING TYPE=overheating COMPONENT=battery DTC=P0101-BAT DESC=Fault 48
[2026-01-07T10:45:59.956278] SEVERITY=WARNING TYPE=overheating COMPONENT=battery DTC=P0101-BAT DESC=Fault 49
[2026-01-07T10:45:59.972603] SEVERITY=WARNING TYPE=overheating COMPONENT=battery DTC=P0101-BAT DESC=Fault 50
[2026-01-07T10:45:59.989084] SEVERITY=WARNING TYPE=overheating COMPONENT=battery DTC=P0101-BAT DESC=Fault 51
[2026-01-07T10:46:00.005314] SEVERITY=WARNING TYPE=overheating COMPONENT=battery DTC=P0101-BAT DESC=Fault 52
[2026-01-07T10:46:00.021556] SEVERITY=WARNING TYPE=overheating COMPONENT=battery DTC=P0101-BAT DESC=Fault 53
[2026-01-07T10:46:00.037451] SEVERITY=WARNING TYPE=overheating COMPONENT=battery DTC=P0101-BAT DESC=Fault 54
[2026-01-07T10:46:00.053701] SEVERITY=WARNING TYPE=overheating COMPONENT=battery DTC=P0101-BAT DESC=Fault 55
[2026-01-07T10:46:00.070134] SEVERITY=WARNING TYPE=overheating COMPONENT=battery DTC=P0101-BAT DESC=Fault 56
[2026-01-07T10:46:00.086742] SEVERITY=WARNING TYPE=overheating COMPONENT=battery DTC=P0101-BAT DESC=Fault 57
[2026-01-07T10:46:00.103487] SEVERITY=WARNING TYPE=overheating COMPONENT=battery DTC=P0101-BAT DESC=Fault 58
[2026-01-07T10:46:00.120097] SEVERITY=WARNING TYPE=overheating COMPONENT=battery DTC=P0101-BAT DESC=Fault 59
[2026-01-07T10:46:00.137419] SEVERITY=WARNING TYPE=overheating COMPONENT=battery DTC=P0101-BAT DESC=Fault 60
[2026-01-07T10:46:00.166101] SEVERITY=WARNING TYPE=overheating COMPONENT=battery DTC=P0101-BAT DESC=Fault 61
[2026-01-07T10:46:00.188216] SEVERITY=WARNING TYPE=overheating COMPONENT=battery DTC=P0101-BAT DESC=Fault 62
[2026-01-07T10:46:00.204931] SEVERITY=WARNING TYPE=overheating COMPONENT=battery DTC=P0101-BAT DESC=Fault 63
[2026-01-07T10:46:00.221263] SEVERITY=WARNING TYPE=overheating COMPONENT=battery DTC=P0101-BAT DESC=Fault 64
[2026-01-07T10:46:00.237669] SEVERITY=WARNING TYPE=overheating COMPONENT=battery DTC=P0101-BAT DESC=Fault 65
[2026-01-07T10:46:00.254043] SEVERITY=WARNING TYPE=overheating COMPONENT=battery DTC=P0101-BAT DESC=Fault 66
[2026-01-07T10:46:00.270560] SEVERITY=WARNING TYPE=overheating COMPONENT=battery DTC=P0101-BAT DESC=Fault 67
[2026-01-07T10:46:00.292733] SEVERITY=WARNING TYPE=overheating COMPONENT=battery DTC=P0101-BAT DESC=Fault 68
[2026-01-07T10:46:00.326356] SEVERITY=WARNING TYPE=overheating COMPONENT=battery DTC=P0101-BAT DESC=Fault 69
[2026-01-07T10:46:00.344695] SEVERITY=WARNING TYPE=overheating COMPONENT=battery DTC=P0101-BAT DESC=Fault 70
[2026-01-07T10:46:00.361585] SEVERITY=WARNING TYPE=overheating COMPONENT=battery DTC=P0101-BAT DESC=Fault 71
[2026-01-07T10:46:00.378249] SEVERITY=WARNING TYPE=overheating COMPONENT=battery DTC=P0101-BAT DESC=Fault 72
[2026-01-07T10:46:00.396896] SEVERITY=WARNING TYPE=overheating COMPONENT=battery DTC=P0101-BAT DESC=Fault 73
[2026-01-07T10:46:00.414082] SEVERITY=WARNING TYPE=overheating COMPONENT=battery DTC=P0101-BAT DESC=Fault 74
[2026-01-07T10:46:00.431920] SEVERITY=WARNING TYPE=overheating COMPONENT=battery DTC=P0101-BAT DESC=Fault 75
[2026-01-07T10:46:00.451691] SEVERITY=WARNING TYPE=overheating COMPONENT=battery DTC=P0101-BAT DESC=Fault 76
[2026-01-07T10:46:00.470474] SEVERITY=WARNING TYPE=overheating COMPONENT=battery DTC=P0101-BAT DESC=Fault 77
[2026-01-07T10:46:00.487221] SEVERITY=WARNING TYPE=overheating COMPONENT=battery DTC=P0101-BAT DESC=Fault 78
[2026-01-07T10:46:00.504478] SEVERITY=WARNING TYPE=overheating COMPONENT=battery DTC=P0101-BAT DESC=Fault 79
[2026-01-07T10:46:00.523586] SEVERITY=WARNING TYPE=overheating COMPONENT=battery DTC=P0101-BAT DESC=Fault 80
[2026-01-07T10:46:00.540792] SEVERITY=WARNING TYPE=overheating COMPONENT=battery DTC=P0101-BAT DESC=Fault 81
[2026-01-07T10:46:00.557872] SEVERITY=WARNING TYPE=overheating COMPONENT=battery DTC=P0101-BAT DESC=Fault 82
[2026-01-07T10:46:00.575053] SEVERITY=WARNING TYPE=overheating COMPONENT=battery DTC=P0101-BAT DESC=Fault 83
[2026-01-07T10:46:00.592275] SEVERITY=WARNING TYPE=overheating COMPONENT=battery DTC=P0101-BAT DESC=Fault 84
[2026-01-07T10:46:00.609531] SEVERITY=WARNING TYPE=overheating COMPONENT=battery DTC=P0101-BAT DESC=Fault 85
[2026-01-07T10:46:00.628591] SEVERITY=WARNING TYPE=overheating COMPONENT=battery DTC=P0101-BAT DESC=Fault 86
[2026-01-07T10:46:00.647277] SEVERITY=WARNING TYPE=overheating COMPONENT=battery DTC=P0101-BAT DESC=Fault 87
[2026-01-07T10:46:00.665609] SEVERITY=WARNING TYPE=overheating COMPONENT=battery DTC=P0101-BAT DESC=Fault 88
[2026-01-07T10:46:00.686623] SEVERITY=WARNING TYPE=overheating COMPONENT=battery DTC=P0101-BAT DESC=Fault 89
[2026-01-07T10:46:00.705063] SEVERITY=WARNING TYPE=overheating COMPONENT=battery DTC=P0101-BAT DESC=Fault 90
[2026-01-07T10:46:00.722815] SEVERITY=WARNING TYPE=overheating COMPONENT=battery DTC=P0101-BAT DESC=Fault 91
[2026-01-07T10:46:00.739901] SEVERITY=WARNING TYPE=overheating COMPONENT=battery DTC=P0101-BAT DESC=Fault 92
[2026-01-07T10:46:00.757691] SEVERITY=WARNING TYPE=overheating COMPONENT=battery DTC=P0101-BAT DESC=Fault 93
[2026-01-07T10:46:00.775380] SEVERITY=WARNING TYPE=overheating COMPONENT=battery DTC=P0101-BAT DESC=Fault 94
[2026-01-07T10:46:00.792883] SEVERITY=WARNING TYPE=overheating COMPONENT=battery DTC=P0101-BAT DESC=Fault 95
[2026-01-07T10:46:00.810023] SEVERITY=WARNING TYPE=overheating COMPONENT=battery DTC=P0101-BAT DESC=Fault 96
[2026-01-07T10:46:00.828199] SEVERITY=WARNING TYPE=overheating COMPONENT=battery DTC=P0101-BAT DESC=Fault 97
[2026-01-07T10:46:00.846384] SEVERITY=WARNING TYPE=overheating COMPONENT=battery DTC=P0101-BAT DESC=Fault 98
[2026-01-07T10:46:00.864335] SEVERITY=WARNING TYPE=overheating COMPONENT=battery DTC=P0101-BAT DESC=Fault 99
[2026-01-07T10:46:00.884113] SEVERITY=WARNING TYPE=overheating COMPONENT=battery DTC=P0101-BAT DESC=Fault 100
[2026-01-07T10:46:00.906597] SEVERITY=WARNING TYPE=overheating COMPONENT=battery DTC=P0101-BAT DESC=Fault 101
[2026-01-07T10:46:00.924661] SEVERITY=WARNING TYPE=overheating COMPONENT=battery DTC=P0101-BAT DESC=Fault 102
[2026-01-07T10:46:00.942691] SEVERITY=WARNING TYPE=overheating COMPONENT=battery DTC=P0101-BAT DESC=Fault 103
[2026-01-07T10:46:00.960316] SEVERITY=WARNING TYPE=overheating COMPONENT=battery DTC=P0101-BAT DESC=Fault 104
[2026-01-07T10:46:00.978671] SEVERITY=WARNING TYPE=overheating COMPONENT=battery DTC=P0101-BAT DESC=Fault 105
[2026-01-07T10:46:00.996802] SEVERITY=WARNING TYPE=overheating COMPONENT=battery DTC=P0101-BAT DESC=Fault 106
[2026-01-07T10:46:01.016833] SEVERITY=WARNING TYPE=overheating COMPONENT=battery DTC=P0101-BAT DESC=Fault 107
[2026-01-07T10:46:01.038931] SEVERITY=WARNING TYPE=overheating COMPONENT=battery DTC=P0101-BAT DESC=Fault 108
[2026-01-07T10:46:01.057121] SEVERITY=WARNING TYPE=overheating COMPONENT=battery DTC=P0101-BAT DESC=Fault 109
[2026-01-07T10:46:01.075832] SEVERITY=WARNING TYPE=overheating COMPONENT=battery DTC=P0101-BAT DESC=Fault 110
[2026-01-07T10:46:01.094267] SEVERITY=WARNING TYPE=overheating COMPONENT=battery DTC=P0101-BAT DESC=Fault 111
[2026-01-07T10:46:01.112180] SEVERITY=WARNING TYPE=overheating COMPONENT=battery DTC=P0101-BAT DESC=Fault 112
[2026-01-07T10:46:01.130881] SEVERITY=WARNING TYPE=overheating COMPONENT=battery DTC=P0101-BAT DESC=Fault 113
[2026-01-07T10:46:01.152565] SEVERITY=WARNING TYPE=overheating COMPONENT=battery DTC=P0101-BAT DESC=Fault 114
[2026-01-07T10:46:01.171786] SEVERITY=WARNING TYPE=overheating COMPONENT=battery DTC=P0101-BAT DESC=Fault 115
[2026-01-07T10:46:01.190189] SEVERITY=WARNING TYPE=overheating COMPONENT=battery DTC=P0101-BAT DESC=Fault 116
[2026-01-07T10:46:01.210017] SEVERITY=WARNING TYPE=overheating COMPONENT=battery DTC=P0101-BAT DESC=Fault 117
[2026-01-07T10:46:01.228952] SEVERITY=WARNING TYPE=overheating COMPONENT=battery DTC=P0101-BAT DESC=Fault 118
[2026-01-07T10:46:01.248156] SEVERITY=WARNING TYPE=overheating COMPONENT=battery DTC=P0101-BAT DESC=Fault 119
[2026-01-07T10:46:01.269979] SEVERITY=WARNING TYPE=overheating COMPONENT=battery DTC=P0101-BAT DESC=Fault 120
[2026-01-07T10:46:01.289199] SEVERITY=WARNING TYPE=overheating COMPONENT=battery DTC=P0101-BAT DESC=Fault 121
[2026-01-07T10:46:01.307337] SEVERITY=WARNING TYPE=overheating COMPONENT=battery DTC=P0101-BAT DESC=Fault 122
[2026-01-07T10:46:01.325121] SEVERITY=WARNING TYPE=overheating COMPONENT=battery DTC=P0101-BAT DESC=Fault 123
[2026-01-07T10:46:01.343879] SEVERITY=WARNING TYPE=overheating COMPONENT=battery DTC=P0101-BAT DESC=Fault 124
[2026-01-07T10:46:01.362158] SEVERITY=WARNING TYPE=overheating COMPONENT=battery DTC=P0101-BAT DESC=Fault 125
[2026-01-07T10:46:01.381649] SEVERITY=WARNING TYPE=overheating COMPONENT=battery DTC=P0101-BAT DESC=Fault 126
[2026-01-07T10:46:01.402819] SEVERITY=WARNING TYPE=overheating COMPONENT=battery DTC=P0101-BAT DESC=Fault 127
[2026-01-07T10:46:01.421420] SEVERITY=WARNING TYPE=overheating COMPONENT=battery DTC=P0101-BAT DESC=Fault 128
[2026-01-07T10:46:01.439887] SEVERITY=WARNING TYPE=overheating COMPONENT=battery DTC=P0101-BAT DESC=Fault 129
[2026-01-07T10:46:01.459017] SEVERITY=WARNING TYPE=overheating COMPONENT=battery DTC=P0101-BAT DESC=Fault 130
[2026-01-07T10:46:01.478218] SEVERITY=WARNING TYPE=overheating COMPONENT=battery DTC=P0101-BAT DESC=Fault 131
[2026-01-07T10:46:01.497625] SEVERITY=WARNING TYPE=overheating COMPONENT=battery DTC=P0101-BAT DESC=Fault 132
[2026-01-07T10:46:01.518993] SEVERITY=WARNING TYPE=overheating COMPONENT=battery DTC=P0101-BAT DESC=Fault 133
[2026-01-07T10:46:01.539179] SEVERITY=WARNING TYPE=overheating COMPONENT=battery DTC=P0101-BAT DESC=Fault 134
[2026-01-07T10:46:01.558368] SEVERITY=WARNING TYPE=overheating COMPONENT=battery DTC=P0101-BAT DESC=Fault 135
[2026-01-07T10:46:01.577306] SEVERITY=WARNING TYPE=overheating COMPONENT=battery DTC=P0101-BAT DESC=Fault 136
[2026-01-07T10:46:01.596278] SEVERITY=WARNING TYPE=overheating COMPONENT=battery DTC=P0101-BAT DESC=Fault 137
[2026-01-07T10:46:01.617495] SEVERITY=WARNING TYPE=overheating COMPONENT=battery DTC=P0101-BAT DESC=Fault 138
[2026-01-07T10:46:01.637604] SEVERITY=WARNING TYPE=overheating COMPONENT=battery DTC=P0101-BAT DESC=Fault 139
[2026-01-07T10:46:01.656975] SEVERITY=WARNING TYPE=overheating COMPONENT=battery DTC=P0101-BAT DESC=Fault 140
[2026-01-07T10:46:01.676562] SEVERITY=WARNING TYPE=overheating COMPONENT=battery DTC=P0101-BAT DESC=Fault 141
[2026-01-07T10:46:01.695938] SEVERITY=WARNING TYPE=overheating COMPONENT=battery DTC=P0101-BAT DESC=Fault 142
[2026-01-07T10:46:01.717440] SEVERITY=WARNING TYPE=overheating COMPONENT=battery DTC=P0101-BAT DESC=Fault 143
[2026-01-07T10:46:01.737838] SEVERITY=WARNING TYPE=overheating COMPONENT=battery DTC=P0101-BAT DESC=Fault 144
[2026-01-07T10:46:01.756844] SEVERITY=WARNING TYPE=overheating COMPONENT=battery DTC=P0101-BAT DESC=Fault 145
[2026-01-07T10:46:01.776034] SEVERITY=WARNING TYPE=overheating COMPONENT=battery DTC=P0101-BAT DESC=Fault 146
[2026-01-07T10:46:01.795557] SEVERITY=WARNING TYPE=overheating COMPONENT=battery DTC=P0101-BAT DESC=Fault 147
[2026-01-07T10:46:01.817083] SEVERITY=WARNING TYPE=overheating COMPONENT=battery DTC=P0101-BAT DESC=Fault 148
[2026-01-07T10:46:01.837268] SEVERITY=WARNING TYPE=overheating COMPONENT=battery DTC=P0101-BAT DESC=Fault 149
[2026-01-07T10:46:02.878767] SEVERITY=EMERGENCY TYPE=thermal_runaway COMPONENT=battery DTC=P0100-BAT DESC=Battery thermal runaway detected: 3.12°C/s, temperature 55.0°C
[2026-01-07T10:46:02.903549] SEVERITY=EMERGENCY TYPE=thermal_runaway COMPONENT=motor DTC=P0100-MOT DESC=Motor thermal runaway detected: 6.12°C/s, temperature 85.0°C
[2026-01-07T10:46:02.924299] SEVERITY=EMERGENCY TYPE=thermal_runaway COMPONENT=battery DTC=P0100-BAT DESC=Battery thermal runaway detected: 3.00°C/s, temperature 70.0°C
[2026-01-07T10:46:02.948196] SEVERITY=CRITICAL TYPE=overheating COMPONENT=battery DTC=P0101-BAT DESC=Battery temperature critical: 70.0°C (max: 60.0°C)
[2026-01-07T10:46:02.975117] SEVERITY=CRITICAL TYPE=overvoltage COMPONENT=battery DTC=P0102-BAT DESC=Battery overvoltage: 550.0V (max: 500.0V)
[2026-01-07T10:46:03.006690] SEVERITY=WARNING TYPE=undervoltage COMPONENT=battery DTC=P0103-BAT DESC=Battery undervoltage: 250.0V (min: 300.0V)
[2026-01-07T10:46:03.028242] SEVERITY=CRITICAL TYPE=overcurrent COMPONENT=battery DTC=P0104-BAT DESC=Battery overcurrent: 600.0A (max: 500.0A)
[2026-01-07T10:46:03.055264] SEVERITY=EMERGENCY TYPE=thermal_runaway COMPONENT=battery DTC=P0100-BAT DESC=Battery thermal runaway detected: 3.00°C/s, temperature 70.0°C
[2026-01-07T10:46:03.074995] SEVERITY=CRITICAL TYPE=overheating COMPONENT=battery DTC=P0101-BAT DESC=Battery temperature critical: 70.0°C (max: 60.0°C)
[2026-01-07T10:46:03.095825] SEVERITY=CRITICAL TYPE=overvoltage COMPONENT=battery DTC=P0102-BAT DESC=Battery overvoltage: 550.0V (max: 500.0V)
[2026-01-07T10:46:03.117640] SEVERITY=CRITICAL TYPE=overcurrent COMPONENT=battery DTC=P0104-BAT DESC=Battery overcurrent: 600.0A (max: 500.0A)
[2026-01-07T10:46:03.139346] SEVERITY=CRITICAL TYPE=overvoltage COMPONENT=battery DTC=P0102-BAT DESC=Battery overvoltage: 550.0V (max: 500.0V)
[2026-01-07T10:46:03.161973] SEVERITY=CRITICAL TYPE=overvoltage COMPONENT=battery DTC=P0102-BAT DESC=Battery overvoltage: 550.0V (max: 500.0V)
[2026-01-07T10:46:03.185634] SEVERITY=CRITICAL TYPE=overvoltage COMPONENT=battery DTC=P0102-BAT DESC=Battery overvoltage: 550.0V (max: 500.0V)
[2026-01-07T10:46:03.205521] SEVERITY=CRITICAL TYPE=overvoltage COMPONENT=battery DTC=P0102-BAT DESC=Battery overvoltage: 550.0V (max: 500.0V)
[2026-01-07T10:46:03.437846] SEVERITY=EMERGENCY TYPE=thermal_runaway COMPONENT=battery DTC=P0100-BAT DESC=Battery thermal runaway detected: 3.12°C/s, temperature 55.0°C
[2026-01-07T10:46:03.495722] SEVERITY=EMERGENCY TYPE=thermal_runaway COMPONENT=motor DTC=P0100-MOT DESC=Motor thermal runaway detected: 6.12°C/s, temperature 85.0°C
[2026-01-07T10:46:03.528565] SEVERITY=CRITICAL TYPE=overvoltage COMPONENT=battery DTC=P0102-BAT DESC=Battery overvoltage: 550.0V (max: 500.0V)
[2026-01-07T10:46:03.553599] SEVERITY=WARNING TYPE=undervoltage COMPONENT=battery DTC=P0103-BAT DESC=Battery undervoltage: 250.0V (min: 300.0V)
[2026-01-07T10:46:03.573751] SEVERITY=CRITICAL TYPE=overvoltage COMPONENT=battery DTC=P0102-BAT DESC=Battery overvoltage: 550.0V (max: 500.0V)
